#
# A fatal error has been detected by the Java Runtime Environment:
#
#  EXCEPTION_ACCESS_VIOLATION (0xc0000005) at pc=0x00007ffb38313061, pid=6916, tid=8776
#
# JRE version: Java(TM) SE Runtime Environment (19.0+36) (build 19+36-2238)
# Java VM: Java HotSpot(TM) 64-Bit Server VM (19+36-2238, mixed mode, sharing, tiered, compressed oops, compressed class ptrs, g1 gc, windows-amd64)
# Problematic frame:
# V  [jvm.dll+0x343061]
#
# No core dump will be written. Minidumps are not enabled by default on client versions of Windows
#
# If you would like to submit a bug report, please visit:
#   https://bugreport.java.com/bugreport/crash.jsp
#

---------------  S U M M A R Y ------------

Command Line: -XX:+ShowCodeDetailsInExceptionMessages -agentlib:jdwp=transport=dt_socket,suspend=y,address=localhost:60724 -javaagent:D:\Users\eclipse\jee-2023-06\eclipse\configuration\org.eclipse.osgi\430\0\.cp\lib\javaagent-shaded.jar -Dfile.encoding=UTF-8 com.springbootinterview.springbootinterview.SpringbootinterviewApplication --server.port=9088

Host: 11th Gen Intel(R) Core(TM) i5-1135G7 @ 2.40GHz, 8 cores, 7G,  Windows 11 , 64 bit Build 22621 (10.0.22621.2506)
Time: Sun Nov 26 21:08:06 2023 India Standard Time elapsed time: 2896.353382 seconds (0d 0h 48m 16s)

---------------  T H R E A D  ---------------

Current thread (0x0000024d3ec87700):  WorkerThread "GC Thread#0" [stack: 0x000000eae9b00000,0x000000eae9c00000] [id=8776]

Stack: [0x000000eae9b00000,0x000000eae9c00000],  sp=0x000000eae9bfe550,  free space=1017k
Native frames: (J=compiled Java code, j=interpreted, Vv=VM code, C=native code)
V  [jvm.dll+0x343061]
V  [jvm.dll+0x342f52]
V  [jvm.dll+0x3187ed]
V  [jvm.dll+0x31822d]
V  [jvm.dll+0x805677]
V  [jvm.dll+0x8054e9]
V  [jvm.dll+0x805b36]
V  [jvm.dll+0x36c41c]
V  [jvm.dll+0x36c4d4]
V  [jvm.dll+0x3471b3]
V  [jvm.dll+0x8839c7]
V  [jvm.dll+0x8015fa]
V  [jvm.dll+0x6ed5eb]
C  [ucrtbase.dll+0x29363]
C  [KERNEL32.DLL+0x1257d]
C  [ntdll.dll+0x5aa58]

JavaThread 0x0000024d6a6a6c90 (nid = 9976) was being processed
Java frames: (J=compiled Java code, j=interpreted, Vv=VM code)
j  java.lang.invoke.LambdaForm$DMH+0x00000008010bc000.invokeVirtual(Ljava/lang/Object;Ljava/lang/Object;Ljava/lang/Object;)Ljava/lang/Object;+11 java.base@19
J 10259 c1 java.lang.invoke.LambdaForm$MH+0x00000008010a8c00.invoke(Ljava/lang/Object;Ljava/lang/Object;Ljava/lang/Object;)Ljava/lang/Object; java.base@19 (56 bytes) @ 0x0000024d47b2e80c [0x0000024d47b2e020+0x00000000000007ec]
J 8514 c2 java.lang.reflect.Method.invoke(Ljava/lang/Object;[Ljava/lang/Object;)Ljava/lang/Object; java.base@19 (108 bytes) @ 0x0000024d4ec7481c [0x0000024d4ec73d00+0x0000000000000b1c]
j  org.springframework.web.method.support.InvocableHandlerMethod.doInvoke([Ljava/lang/Object;)Ljava/lang/Object;+29
j  org.springframework.web.method.support.InvocableHandlerMethod.invokeForRequest(Lorg/springframework/web/context/request/NativeWebRequest;Lorg/springframework/web/method/support/ModelAndViewContainer;[Ljava/lang/Object;)Ljava/lang/Object;+41
j  org.springframework.web.servlet.mvc.method.annotation.ServletInvocableHandlerMethod.invokeAndHandle(Lorg/springframework/web/context/request/ServletWebRequest;Lorg/springframework/web/method/support/ModelAndViewContainer;[Ljava/lang/Object;)V+4
j  org.springframework.web.servlet.mvc.method.annotation.RequestMappingHandlerAdapter.invokeHandlerMethod(Ljakarta/servlet/http/HttpServletRequest;Ljakarta/servlet/http/HttpServletResponse;Lorg/springframework/web/method/HandlerMethod;)Lorg/springframework/web/servlet/ModelAndView;+244
j  org.springframework.web.servlet.mvc.method.annotation.RequestMappingHandlerAdapter.handleInternal(Ljakarta/servlet/http/HttpServletRequest;Ljakarta/servlet/http/HttpServletResponse;Lorg/springframework/web/method/HandlerMethod;)Lorg/springframework/web/servlet/ModelAndView;+81
j  org.springframework.web.servlet.mvc.method.AbstractHandlerMethodAdapter.handle(Ljakarta/servlet/http/HttpServletRequest;Ljakarta/servlet/http/HttpServletResponse;Ljava/lang/Object;)Lorg/springframework/web/servlet/ModelAndView;+7
j  org.springframework.web.servlet.DispatcherServlet.doDispatch(Ljakarta/servlet/http/HttpServletRequest;Ljakarta/servlet/http/HttpServletResponse;)V+259
j  org.springframework.web.servlet.DispatcherServlet.doService(Ljakarta/servlet/http/HttpServletRequest;Ljakarta/servlet/http/HttpServletResponse;)V+242
j  org.springframework.web.servlet.FrameworkServlet.processRequest(Ljakarta/servlet/http/HttpServletRequest;Ljakarta/servlet/http/HttpServletResponse;)V+70
j  org.springframework.web.servlet.FrameworkServlet.doGet(Ljakarta/servlet/http/HttpServletRequest;Ljakarta/servlet/http/HttpServletResponse;)V+3
j  jakarta.servlet.http.HttpServlet.service(Ljakarta/servlet/http/HttpServletRequest;Ljakarta/servlet/http/HttpServletResponse;)V+35
j  org.springframework.web.servlet.FrameworkServlet.service(Ljakarta/servlet/http/HttpServletRequest;Ljakarta/servlet/http/HttpServletResponse;)V+20
j  jakarta.servlet.http.HttpServlet.service(Ljakarta/servlet/ServletRequest;Ljakarta/servlet/ServletResponse;)V+36
j  org.apache.catalina.core.ApplicationFilterChain.internalDoFilter(Ljakarta/servlet/ServletRequest;Ljakarta/servlet/ServletResponse;)V+305
j  org.apache.catalina.core.ApplicationFilterChain.doFilter(Ljakarta/servlet/ServletRequest;Ljakarta/servlet/ServletResponse;)V+99
j  org.apache.tomcat.websocket.server.WsFilter.doFilter(Ljakarta/servlet/ServletRequest;Ljakarta/servlet/ServletResponse;Ljakarta/servlet/FilterChain;)V+21
j  org.apache.catalina.core.ApplicationFilterChain.internalDoFilter(Ljakarta/servlet/ServletRequest;Ljakarta/servlet/ServletResponse;)V+135
j  org.apache.catalina.core.ApplicationFilterChain.doFilter(Ljakarta/servlet/ServletRequest;Ljakarta/servlet/ServletResponse;)V+99
j  org.springframework.web.filter.RequestContextFilter.doFilterInternal(Ljakarta/servlet/http/HttpServletRequest;Ljakarta/servlet/http/HttpServletResponse;Ljakarta/servlet/FilterChain;)V+21
j  org.springframework.web.filter.OncePerRequestFilter.doFilter(Ljakarta/servlet/ServletRequest;Ljakarta/servlet/ServletResponse;Ljakarta/servlet/FilterChain;)V+150
j  org.apache.catalina.core.ApplicationFilterChain.internalDoFilter(Ljakarta/servlet/ServletRequest;Ljakarta/servlet/ServletResponse;)V+135
j  org.apache.catalina.core.ApplicationFilterChain.doFilter(Ljakarta/servlet/ServletRequest;Ljakarta/servlet/ServletResponse;)V+99
j  org.springframework.web.filter.FormContentFilter.doFilterInternal(Ljakarta/servlet/http/HttpServletRequest;Ljakarta/servlet/http/HttpServletResponse;Ljakarta/servlet/FilterChain;)V+38
j  org.springframework.web.filter.OncePerRequestFilter.doFilter(Ljakarta/servlet/ServletRequest;Ljakarta/servlet/ServletResponse;Ljakarta/servlet/FilterChain;)V+150
j  org.apache.catalina.core.ApplicationFilterChain.internalDoFilter(Ljakarta/servlet/ServletRequest;Ljakarta/servlet/ServletResponse;)V+135
j  org.apache.catalina.core.ApplicationFilterChain.doFilter(Ljakarta/servlet/ServletRequest;Ljakarta/servlet/ServletResponse;)V+99
j  org.springframework.web.filter.ServerHttpObservationFilter.doFilterInternal(Ljakarta/servlet/http/HttpServletRequest;Ljakarta/servlet/http/HttpServletResponse;Ljakarta/servlet/FilterChain;)V+20
j  org.springframework.web.filter.OncePerRequestFilter.doFilter(Ljakarta/servlet/ServletRequest;Ljakarta/servlet/ServletResponse;Ljakarta/servlet/FilterChain;)V+150
j  org.apache.catalina.core.ApplicationFilterChain.internalDoFilter(Ljakarta/servlet/ServletRequest;Ljakarta/servlet/ServletResponse;)V+135
j  org.apache.catalina.core.ApplicationFilterChain.doFilter(Ljakarta/servlet/ServletRequest;Ljakarta/servlet/ServletResponse;)V+99
j  org.springframework.web.filter.CharacterEncodingFilter.doFilterInternal(Ljakarta/servlet/http/HttpServletRequest;Ljakarta/servlet/http/HttpServletResponse;Ljakarta/servlet/FilterChain;)V+53
j  org.springframework.web.filter.OncePerRequestFilter.doFilter(Ljakarta/servlet/ServletRequest;Ljakarta/servlet/ServletResponse;Ljakarta/servlet/FilterChain;)V+150
j  org.apache.catalina.core.ApplicationFilterChain.internalDoFilter(Ljakarta/servlet/ServletRequest;Ljakarta/servlet/ServletResponse;)V+135
j  org.apache.catalina.core.ApplicationFilterChain.doFilter(Ljakarta/servlet/ServletRequest;Ljakarta/servlet/ServletResponse;)V+99
j  org.apache.catalina.core.StandardWrapperValve.invoke(Lorg/apache/catalina/connector/Request;Lorg/apache/catalina/connector/Response;)V+514
j  org.apache.catalina.core.StandardContextValve.invoke(Lorg/apache/catalina/connector/Request;Lorg/apache/catalina/connector/Response;)V+169
j  org.apache.catalina.authenticator.AuthenticatorBase.invoke(Lorg/apache/catalina/connector/Request;Lorg/apache/catalina/connector/Response;)V+218
j  org.apache.catalina.core.StandardHostValve.invoke(Lorg/apache/catalina/connector/Request;Lorg/apache/catalina/connector/Response;)V+131
j  org.apache.catalina.valves.ErrorReportValve.invoke(Lorg/apache/catalina/connector/Request;Lorg/apache/catalina/connector/Response;)V+6
j  org.apache.catalina.core.StandardEngineValve.invoke(Lorg/apache/catalina/connector/Request;Lorg/apache/catalina/connector/Response;)V+59
j  org.apache.catalina.connector.CoyoteAdapter.service(Lorg/apache/coyote/Request;Lorg/apache/coyote/Response;)V+187
j  org.apache.coyote.http11.Http11Processor.service(Lorg/apache/tomcat/util/net/SocketWrapperBase;)Lorg/apache/tomcat/util/net/AbstractEndpoint$Handler$SocketState;+785
j  org.apache.coyote.AbstractProcessorLight.process(Lorg/apache/tomcat/util/net/SocketWrapperBase;Lorg/apache/tomcat/util/net/SocketEvent;)Lorg/apache/tomcat/util/net/AbstractEndpoint$Handler$SocketState;+152
j  org.apache.coyote.AbstractProtocol$ConnectionHandler.process(Lorg/apache/tomcat/util/net/SocketWrapperBase;Lorg/apache/tomcat/util/net/SocketEvent;)Lorg/apache/tomcat/util/net/AbstractEndpoint$Handler$SocketState;+482
j  org.apache.tomcat.util.net.NioEndpoint$SocketProcessor.doRun()V+249
j  org.apache.tomcat.util.net.SocketProcessorBase.run()V+32
j  org.apache.tomcat.util.threads.ThreadPoolExecutor.runWorker(Lorg/apache/tomcat/util/threads/ThreadPoolExecutor$Worker;)V+92
j  org.apache.tomcat.util.threads.ThreadPoolExecutor$Worker.run()V+5
j  org.apache.tomcat.util.threads.TaskThread$WrappingRunnable.run()V+4
J 14439 c1 java.lang.Thread.run()V java.base@19 (19 bytes) @ 0x0000024d481c958c [0x0000024d481c9440+0x000000000000014c]
v  ~StubRoutines::call_stub 0x0000024d4e0a10e8

siginfo: EXCEPTION_ACCESS_VIOLATION (0xc0000005), reading address 0x000002510046ff48


Registers:
RAX=0x0000024d56a40000, RBX=0x0000024d3ec87d30, RCX=0x000000000000005d, RDX=0x0000001d4d17fa5d
RSP=0x000000eae9bfe550, RBP=0x000000eae9bfe6c0, RSI=0x0000024d6a3088b0, RDI=0x000000eaecbfd2e8
R8 =0x000002510046ff48, R9 =0x0000024d5da58838, R10=0x0000024d4e0a0000, R11=0x000000eae9bfe748
R12=0x0000000000000000, R13=0x00000000000003d8, R14=0x0000000000000002, R15=0x0000024d3ec34d30
RIP=0x00007ffb38313061, EFLAGS=0x0000000000010202


Register to memory mapping:

RIP=0x00007ffb38313061 jvm.dll
RAX=0x0000024d56a40000 points into unknown readable memory: 0x0000000000000001 | 01 00 00 00 00 00 00 00
RBX=0x0000024d3ec87d30 points into unknown readable memory: 0x00007ffb38960cb0 | b0 0c 96 38 fb 7f 00 00
RCX=0x000000000000005d is an unknown value
RDX=0x0000001d4d17fa5d is an unknown value
RSP=0x000000eae9bfe550 points into unknown readable memory: 0x0000000000000003 | 03 00 00 00 00 00 00 00
RBP=0x000000eae9bfe6c0 points into unknown readable memory: 0x000000eae9bfe7f8 | f8 e7 bf e9 ea 00 00 00
RSI=0x0000024d6a3088b0 points into unknown readable memory: 0x000000eaea0fee10 | 10 ee 0f ea ea 00 00 00
RDI=0x000000eaecbfd2e8 is pointing into the stack for thread: 0x0000024d6a6a6c90
R8 =0x000002510046ff48 is an unknown value
R9 =0x0000024d5da58838 is pointing into metadata
R10=0x0000024d4e0a0000 points into unknown readable memory: 0x0000000000000006 | 06 00 00 00 00 00 00 00
R11=0x000000eae9bfe748 points into unknown readable memory: 0x00007ffb382e822d | 2d 82 2e 38 fb 7f 00 00
R12=0x0 is NULL
R13=0x00000000000003d8 is an unknown value
R14=0x0000000000000002 is an unknown value
R15=0x0000024d3ec34d30 points into unknown readable memory: 0x0000000000000002 | 02 00 00 00 00 00 00 00


Top of Stack: (sp=0x000000eae9bfe550)
0x000000eae9bfe550:   0000000000000003 00007ffb38736dce
0x000000eae9bfe560:   0000000000000000 000000eae9bfe8a0
0x000000eae9bfe570:   0000000000000948 00007ffb386ab464
0x000000eae9bfe580:   0000024d6a3088b0 00007ffb38312f52
0x000000eae9bfe590:   000000eaecbfd2e8 000000eae9bfe8a0
0x000000eae9bfe5a0:   0000000800470090 0000000000000000
0x000000eae9bfe5b0:   0000000000000004 00007ffb382e87ed
0x000000eae9bfe5c0:   0000024d6a308e60 0000000000000004
0x000000eae9bfe5d0:   0000024d6a308e60 00000000000003d8
0x000000eae9bfe5e0:   0000000b3ec3e001 0000024d5da58ad0
0x000000eae9bfe5f0:   0000024d3ec87700 000000080052d700
0x000000eae9bfe600:   0000024d3ec3dc50 00000000000003d8
0x000000eae9bfe610:   0000024d3ec3dc60 0000024d3ec3e038
0x000000eae9bfe620:   0000024d5da58ac3 00007ffb000000b8
0x000000eae9bfe630:   0000024d5da58ad0 00007ffb383b3b1d
0x000000eae9bfe640:   0000024d66b9cc18 0000024d66b9ccc0 

Instructions: (pc=0x00007ffb38313061)
0x00007ffb38312f61:   00 48 8b 7c 24 30 48 83 c4 20 5b c3 cc cc cc 40
0x00007ffb38312f71:   57 48 83 ec 20 8b 02 48 8b f9 85 c0 74 3b 8b 0d
0x00007ffb38312f81:   eb 18 81 00 48 8b 7f 10 48 89 5c 24 30 8b d8 48
0x00007ffb38312f91:   d3 e3 48 8b cf 48 03 1d cb 18 81 00 48 8b d3 e8
0x00007ffb38312fa1:   5b 00 00 00 84 c0 74 0c 48 8d 4f 18 48 8b d3 e8
0x00007ffb38312fb1:   fb 08 00 00 48 8b 5c 24 30 48 83 c4 20 5f c3 e9
0x00007ffb38312fc1:   4b 59 00 00 cc cc cc cc cc cc cc cc cc cc cc e9
0x00007ffb38312fd1:   ab 5c 00 00 cc cc cc cc cc cc cc cc cc cc cc 48
0x00007ffb38312fe1:   8b 01 48 8b 80 80 05 00 00 48 8b 80 98 00 00 00
0x00007ffb38312ff1:   c3 cc cc cc cc cc cc cc cc cc cc cc cc cc cc 48
0x00007ffb38313001:   89 5c 24 08 48 89 74 24 10 57 48 83 ec 30 48 8b
0x00007ffb38313011:   01 48 8b f1 4c 8b c2 48 8b fa 8b 88 10 03 00 00
0x00007ffb38313021:   48 8b 80 00 03 00 00 49 d3 e8 41 80 3c 00 02 74
0x00007ffb38313031:   60 48 8b 5e 10 48 8b cb 48 8b 03 ff 10 8b 4b 18
0x00007ffb38313041:   48 8b d7 48 2b 53 08 48 8b 43 20 48 c1 ea 03 48
0x00007ffb38313051:   d3 ea 48 8b ca 48 c1 e9 06 4c 8d 04 c8 0f b6 ca
0x00007ffb38313061:   49 8b 00 80 e1 3f ba 01 00 00 00 48 d3 e2 48 8b
0x00007ffb38313071:   c8 48 0b ca 48 3b c8 74 18 66 0f 1f 44 00 00 f0
0x00007ffb38313081:   49 0f b1 08 74 1d 48 8b c8 48 0b ca 48 3b c8 75
0x00007ffb38313091:   ee 32 c0 48 8b 5c 24 40 48 8b 74 24 48 48 83 c4
0x00007ffb383130a1:   30 5f c3 48 8b 06 48 8b d7 8b 88 10 03 00 00 48
0x00007ffb383130b1:   8b 80 00 03 00 00 48 d3 ea 80 3c 02 00 75 5d 48
0x00007ffb383130c1:   8b 07 48 8b 9e a8 05 00 00 0f b6 c8 80 e1 03 80
0x00007ffb383130d1:   f9 01 75 0f 48 b9 00 ff ff ff 7f 00 00 00 48 85
0x00007ffb383130e1:   c1 74 39 48 8b 53 20 48 89 7c 24 20 48 89 44 24
0x00007ffb383130f1:   28 48 3b 53 08 75 0a 48 8b cb e8 e0 85 f4 ff 33
0x00007ffb38313101:   d2 48 8b 43 38 48 8b ca 0f 28 44 24 20 48 03 c9
0x00007ffb38313111:   0f 11 04 c8 48 8d 42 01 48 89 43 20 80 3d 1d 3c
0x00007ffb38313121:   8b 00 00 74 4b 48 85 ff 74 46 80 3d 25 51 89 00
0x00007ffb38313131:   00 74 15 8b 47 08 8b 0d 43 17 81 00 48 d3 e0 48
0x00007ffb38313141:   03 05 31 17 81 00 eb 04 48 8b 47 08 48 3b 05 44
0x00007ffb38313151:   0c 8d 00 75 1b 48 8b cf e8 02 b0 02 00 84 c0 74 


Stack slot to memory mapping:
stack at sp + 0 slots: 0x0000000000000003 is an unknown value
stack at sp + 1 slots: 0x00007ffb38736dce jvm.dll
stack at sp + 2 slots: 0x0 is NULL
stack at sp + 3 slots: 0x000000eae9bfe8a0 points into unknown readable memory: 0x000000eaecbfd2d8 | d8 d2 bf ec ea 00 00 00
stack at sp + 4 slots: 0x0000000000000948 is an unknown value
stack at sp + 5 slots: 0x00007ffb386ab464 jvm.dll
stack at sp + 6 slots: 0x0000024d6a3088b0 points into unknown readable memory: 0x000000eaea0fee10 | 10 ee 0f ea ea 00 00 00
stack at sp + 7 slots: 0x00007ffb38312f52 jvm.dll


---------------  P R O C E S S  ---------------

Threads class SMR info:
_java_thread_list=0x0000024d62e7bf80, length=21, elements={
0x0000024d5d275a50, 0x0000024d5d276640, 0x0000024d5d277320, 0x0000024d5d278d50,
0x0000024d5d27ca10, 0x0000024d5d27d430, 0x0000024d5d2811a0, 0x0000024d5d289c10,
0x0000024d5d29b760, 0x0000024d614da1a0, 0x0000024d61548fe0, 0x0000024d616b8080,
0x0000024d616b85d0, 0x0000024d614d9700, 0x0000024d6a6a3cc0, 0x0000024d6a6a5200,
0x0000024d63965430, 0x0000024d63965980, 0x0000024d63963450, 0x0000024d6a6a6c90,
0x0000024d63961f10
}

Java Threads: ( => current thread )
  0x0000024d5d275a50 JavaThread "Reference Handler" daemon [_thread_blocked, id=21864, stack(0x000000eaea100000,0x000000eaea200000)]
  0x0000024d5d276640 JavaThread "Finalizer" daemon [_thread_blocked, id=21452, stack(0x000000eaea200000,0x000000eaea300000)]
  0x0000024d5d277320 JavaThread "Signal Dispatcher" daemon [_thread_blocked, id=14404, stack(0x000000eaea300000,0x000000eaea400000)]
  0x0000024d5d278d50 JavaThread "Attach Listener" daemon [_thread_blocked, id=14804, stack(0x000000eaea400000,0x000000eaea500000)]
  0x0000024d5d27ca10 JavaThread "Service Thread" daemon [_thread_blocked, id=1848, stack(0x000000eaea500000,0x000000eaea600000)]
  0x0000024d5d27d430 JavaThread "Monitor Deflation Thread" daemon [_thread_blocked, id=21020, stack(0x000000eaea600000,0x000000eaea700000)]
  0x0000024d5d2811a0 JavaThread "C2 CompilerThread0" daemon [_thread_blocked, id=15996, stack(0x000000eaea700000,0x000000eaea800000)]
  0x0000024d5d289c10 JavaThread "C1 CompilerThread0" daemon [_thread_blocked, id=11280, stack(0x000000eaea800000,0x000000eaea900000)]
  0x0000024d5d29b760 JavaThread "Sweeper thread" daemon [_thread_blocked, id=20624, stack(0x000000eaea900000,0x000000eaeaa00000)]
  0x0000024d614da1a0 JavaThread "Common-Cleaner" daemon [_thread_blocked, id=6812, stack(0x000000eaeaa00000,0x000000eaeab00000)]
  0x0000024d61548fe0 JavaThread "JDWP Transport Listener: dt_socket" daemon [_thread_blocked, id=15876, stack(0x000000eaeab00000,0x000000eaeac00000)]
  0x0000024d616b8080 JavaThread "JDWP Event Helper Thread" daemon [_thread_blocked, id=3980, stack(0x000000eaeac00000,0x000000eaead00000)]
  0x0000024d616b85d0 JavaThread "JDWP Command Reader" daemon [_thread_blocked, id=17680, stack(0x000000eaead00000,0x000000eaeae00000)]
  0x0000024d614d9700 JavaThread "Notification Thread" daemon [_thread_blocked, id=22492, stack(0x000000eaeaf00000,0x000000eaeb000000)]
  0x0000024d6a6a3cc0 JavaThread "Live Reload Server" daemon [_thread_in_native, id=4588, stack(0x000000eaec300000,0x000000eaec400000)]
  0x0000024d6a6a5200 JavaThread "DestroyJavaVM" [_thread_blocked, id=12056, stack(0x000000eae9a00000,0x000000eae9b00000)]
  0x0000024d63965430 JavaThread "File Watcher" daemon [_thread_blocked, id=10388, stack(0x000000eaeb800000,0x000000eaeb900000)]
  0x0000024d63965980 JavaThread "File Watcher" daemon [_thread_blocked, id=18324, stack(0x000000eaeb900000,0x000000eaeba00000)]
  0x0000024d63963450 JavaThread "File Watcher" daemon [_thread_blocked, id=21192, stack(0x000000eaeba00000,0x000000eaebb00000)]
  0x0000024d6a6a6c90 JavaThread "http-nio-9088-exec-10" daemon [_thread_blocked, id=9976, stack(0x000000eaecb00000,0x000000eaecc00000)]
  0x0000024d63961f10 JavaThread "Thread-81" [_thread_blocked, id=12880, stack(0x000000eaeae00000,0x000000eaeaf00000)]

Other Threads:
  0x0000024d5d255800 VMThread "VM Thread" [stack: 0x000000eaea000000,0x000000eaea100000] [id=12668]
  0x0000024d3ec278d0 WatcherThread "VM Periodic Task Thread" [stack: 0x000000eaeb000000,0x000000eaeb100000] [id=15588]
=>0x0000024d3ec87700 WorkerThread "GC Thread#0" [stack: 0x000000eae9b00000,0x000000eae9c00000] [id=8776]
  0x0000024d620158f0 WorkerThread "GC Thread#1" [stack: 0x000000eaeb100000,0x000000eaeb200000] [id=15576]
  0x0000024d621277e0 WorkerThread "GC Thread#2" [stack: 0x000000eaeb200000,0x000000eaeb300000] [id=18660]
  0x0000024d6202ee30 WorkerThread "GC Thread#3" [stack: 0x000000eaeb300000,0x000000eaeb400000] [id=9372]
  0x0000024d6209a470 WorkerThread "GC Thread#4" [stack: 0x000000eaeb400000,0x000000eaeb500000] [id=12840]
  0x0000024d6225d300 WorkerThread "GC Thread#5" [stack: 0x000000eaeb500000,0x000000eaeb600000] [id=9292]
  0x0000024d6225d5d0 WorkerThread "GC Thread#6" [stack: 0x000000eaeb600000,0x000000eaeb700000] [id=9240]
  0x0000024d62069350 WorkerThread "GC Thread#7" [stack: 0x000000eaeb700000,0x000000eaeb800000] [id=11564]
  0x0000024d3ec97e60 ConcurrentGCThread "G1 Main Marker" [stack: 0x000000eae9c00000,0x000000eae9d00000] [id=19896]
  0x0000024d3ec998a0 WorkerThread "G1 Conc#0" [stack: 0x000000eae9d00000,0x000000eae9e00000] [id=12672]
  0x0000024d62069bc0 WorkerThread "G1 Conc#1" [stack: 0x000000eaebb00000,0x000000eaebc00000] [id=8556]
  0x0000024d3ecde030 ConcurrentGCThread "G1 Refine#0" [stack: 0x000000eae9e00000,0x000000eae9f00000] [id=19340]
  0x0000024d3ecdeb70 ConcurrentGCThread "G1 Service" [stack: 0x000000eae9f00000,0x000000eaea000000] [id=11604]

Threads with active compile tasks:
C1 CompilerThread0  2896441 15997       3       org.springframework.util.ConcurrentReferenceHashMap$EntryIterator::getNextIfNecessary (36 bytes)

VM state: at safepoint (normal execution)

VM Mutex/Monitor currently owned by a thread:  ([mutex/lock_event])
[0x0000024d3ec225b0] Threads_lock - owner thread: 0x0000024d5d255800
[0x0000024d3ec22400] Heap_lock - owner thread: 0x0000024d63961f10

Heap address: 0x0000000084000000, size: 1984 MB, Compressed Oops mode: 32-bit

CDS archive(s) mapped at: [0x0000000800000000-0x0000000800c40000-0x0000000800c40000), size 12845056, SharedBaseAddress: 0x0000000800000000, ArchiveRelocationMode: 0.
Compressed class space mapped at: 0x0000000801000000-0x0000000841000000, reserved size: 1073741824
Narrow klass base: 0x0000000800000000, Narrow klass shift: 0, Narrow klass range: 0x100000000

GC Precious Log:
 CardTable entry size: 512
 Card Set container configuration: InlinePtr #cards 5 size 8 Array Of Cards #cards 12 size 40 Howl #buckets 4 coarsen threshold 1843 Howl Bitmap #cards 512 size 80 coarsen threshold 460 Card regions per heap region 1 cards per card region 2048
 CPUs: 8 total, 8 available
 Memory: 7932M
 Large Page Support: Disabled
 NUMA Support: Disabled
 Compressed Oops: Enabled (32-bit)
 Heap Region Size: 1M
 Heap Min Capacity: 8M
 Heap Initial Capacity: 124M
 Heap Max Capacity: 1984M
 Pre-touch: Disabled
 Parallel Workers: 8
 Concurrent Workers: 2
 Concurrent Refinement Workers: 8
 Periodic GC: Disabled

Heap:
 garbage-first heap   total 167936K, used 126815K [0x0000000084000000, 0x0000000100000000)
  region size 1024K, 52 young (53248K), 6 survivors (6144K)
 Metaspace       used 87583K, committed 88512K, reserved 1179648K
  class space    used 10552K, committed 11008K, reserved 1048576K

Heap Regions: E=young(eden), S=young(survivor), O=old, HS=humongous(starts), HC=humongous(continues), CS=collection set, F=free, OA=open archive, CA=closed archive, TAMS=top-at-mark-start (previous, next)
|   0|0x0000000084000000, 0x0000000084100000, 0x0000000084100000|100%|HS|  |TAMS 0x0000000084100000, 0x0000000084000000| Untracked 
|   1|0x0000000084100000, 0x0000000084200000, 0x0000000084200000|100%| O|  |TAMS 0x0000000084200000, 0x0000000084100000| Untracked 
|   2|0x0000000084200000, 0x00000000842ffff0, 0x0000000084300000| 99%| O|  |TAMS 0x00000000842ffff0, 0x0000000084200000| Untracked 
|   3|0x0000000084300000, 0x00000000843fffe8, 0x0000000084400000| 99%| O|  |TAMS 0x00000000843fffe8, 0x0000000084300000| Untracked 
|   4|0x0000000084400000, 0x00000000844fffa8, 0x0000000084500000| 99%| O|  |TAMS 0x00000000844fffa8, 0x0000000084400000| Untracked 
|   5|0x0000000084500000, 0x0000000084600000, 0x0000000084600000|100%| O|  |TAMS 0x0000000084600000, 0x0000000084500000| Untracked 
|   6|0x0000000084600000, 0x00000000846fffc8, 0x0000000084700000| 99%| O|  |TAMS 0x00000000846fffc8, 0x0000000084600000| Untracked 
|   7|0x0000000084700000, 0x0000000084800000, 0x0000000084800000|100%| O|  |TAMS 0x0000000084800000, 0x0000000084700000| Untracked 
|   8|0x0000000084800000, 0x00000000848ffff8, 0x0000000084900000| 99%| O|  |TAMS 0x00000000848ffff8, 0x0000000084800000| Untracked 
|   9|0x0000000084900000, 0x00000000849fff78, 0x0000000084a00000| 99%| O|  |TAMS 0x00000000849fff78, 0x0000000084900000| Untracked 
|  10|0x0000000084a00000, 0x0000000084affff0, 0x0000000084b00000| 99%| O|  |TAMS 0x0000000084affff0, 0x0000000084a00000| Untracked 
|  11|0x0000000084b00000, 0x0000000084bffff8, 0x0000000084c00000| 99%| O|  |TAMS 0x0000000084bffff8, 0x0000000084b00000| Untracked 
|  12|0x0000000084c00000, 0x0000000084d00000, 0x0000000084d00000|100%| O|  |TAMS 0x0000000084d00000, 0x0000000084c00000| Untracked 
|  13|0x0000000084d00000, 0x0000000084dfffe8, 0x0000000084e00000| 99%| O|  |TAMS 0x0000000084dfffe8, 0x0000000084d00000| Untracked 
|  14|0x0000000084e00000, 0x0000000084f00000, 0x0000000084f00000|100%| O|  |TAMS 0x0000000084f00000, 0x0000000084e00000| Untracked 
|  15|0x0000000084f00000, 0x0000000084ffffe0, 0x0000000085000000| 99%| O|  |TAMS 0x0000000084ffffe0, 0x0000000084f00000| Untracked 
|  16|0x0000000085000000, 0x00000000850ff478, 0x0000000085100000| 99%| O|  |TAMS 0x00000000850ff478, 0x0000000085000000| Untracked 
|  17|0x0000000085100000, 0x0000000085200000, 0x0000000085200000|100%| O|  |TAMS 0x0000000085200000, 0x0000000085100000| Untracked 
|  18|0x0000000085200000, 0x00000000852ffe48, 0x0000000085300000| 99%| O|  |TAMS 0x00000000852ffe48, 0x0000000085200000| Untracked 
|  19|0x0000000085300000, 0x00000000853ffff0, 0x0000000085400000| 99%| O|  |TAMS 0x00000000853ffff0, 0x0000000085300000| Untracked 
|  20|0x0000000085400000, 0x00000000854ffff0, 0x0000000085500000| 99%| O|  |TAMS 0x00000000854ffff0, 0x0000000085400000| Untracked 
|  21|0x0000000085500000, 0x00000000855ffff0, 0x0000000085600000| 99%| O|  |TAMS 0x00000000855ffff0, 0x0000000085500000| Untracked 
|  22|0x0000000085600000, 0x00000000856fffa8, 0x0000000085700000| 99%| O|  |TAMS 0x00000000856fffa8, 0x0000000085600000| Untracked 
|  23|0x0000000085700000, 0x00000000857ffff0, 0x0000000085800000| 99%| O|  |TAMS 0x00000000857ffff0, 0x0000000085700000| Untracked 
|  24|0x0000000085800000, 0x00000000858ff340, 0x0000000085900000| 99%| O|  |TAMS 0x00000000858ff340, 0x0000000085800000| Untracked 
|  25|0x0000000085900000, 0x00000000859fffe8, 0x0000000085a00000| 99%| O|  |TAMS 0x00000000859fffe8, 0x0000000085900000| Untracked 
|  26|0x0000000085a00000, 0x0000000085afffd8, 0x0000000085b00000| 99%| O|  |TAMS 0x0000000085afffd8, 0x0000000085a00000| Untracked 
|  27|0x0000000085b00000, 0x0000000085bffff0, 0x0000000085c00000| 99%| O|  |TAMS 0x0000000085bffff0, 0x0000000085b00000| Untracked 
|  28|0x0000000085c00000, 0x0000000085cffff8, 0x0000000085d00000| 99%| O|  |TAMS 0x0000000085cffff8, 0x0000000085c00000| Untracked 
|  29|0x0000000085d00000, 0x0000000085dfffb0, 0x0000000085e00000| 99%| O|  |TAMS 0x0000000085dfffb0, 0x0000000085d00000| Untracked 
|  30|0x0000000085e00000, 0x0000000085f00000, 0x0000000085f00000|100%| O|  |TAMS 0x0000000085f00000, 0x0000000085e00000| Untracked 
|  31|0x0000000085f00000, 0x0000000085fffff0, 0x0000000086000000| 99%| O|  |TAMS 0x0000000085fffff0, 0x0000000085f00000| Untracked 
|  32|0x0000000086000000, 0x00000000860ffff8, 0x0000000086100000| 99%| O|  |TAMS 0x00000000860ffff8, 0x0000000086000000| Untracked 
|  33|0x0000000086100000, 0x00000000861fffe0, 0x0000000086200000| 99%| O|  |TAMS 0x00000000861fffe0, 0x0000000086100000| Untracked 
|  34|0x0000000086200000, 0x00000000862fffc0, 0x0000000086300000| 99%| O|  |TAMS 0x00000000862fffc0, 0x0000000086200000| Untracked 
|  35|0x0000000086300000, 0x00000000863ffff0, 0x0000000086400000| 99%| O|  |TAMS 0x00000000863ffff0, 0x0000000086300000| Untracked 
|  36|0x0000000086400000, 0x00000000864ffff0, 0x0000000086500000| 99%| O|  |TAMS 0x00000000864ffff0, 0x0000000086400000| Untracked 
|  37|0x0000000086500000, 0x0000000086600000, 0x0000000086600000|100%| O|  |TAMS 0x0000000086600000, 0x0000000086500000| Untracked 
|  38|0x0000000086600000, 0x00000000866fffe8, 0x0000000086700000| 99%| O|  |TAMS 0x00000000866fffe8, 0x0000000086600000| Untracked 
|  39|0x0000000086700000, 0x00000000867ffff8, 0x0000000086800000| 99%| O|  |TAMS 0x00000000867ffff8, 0x0000000086700000| Untracked 
|  40|0x0000000086800000, 0x00000000868ffff0, 0x0000000086900000| 99%| O|  |TAMS 0x00000000868ffff0, 0x0000000086800000| Untracked 
|  41|0x0000000086900000, 0x0000000086a00000, 0x0000000086a00000|100%| O|  |TAMS 0x0000000086900000, 0x0000000086900000| Untracked 
|  42|0x0000000086a00000, 0x0000000086affff0, 0x0000000086b00000| 99%| O|  |TAMS 0x0000000086a00000, 0x0000000086a00000| Untracked 
|  43|0x0000000086b00000, 0x0000000086bfffe8, 0x0000000086c00000| 99%| O|  |TAMS 0x0000000086bfffe8, 0x0000000086b00000| Untracked 
|  44|0x0000000086c00000, 0x0000000086cfffc0, 0x0000000086d00000| 99%| O|  |TAMS 0x0000000086c00000, 0x0000000086c00000| Untracked 
|  45|0x0000000086d00000, 0x0000000086dfffd0, 0x0000000086e00000| 99%| O|  |TAMS 0x0000000086dfffd0, 0x0000000086d00000| Untracked 
|  46|0x0000000086e00000, 0x0000000086f00000, 0x0000000086f00000|100%| O|  |TAMS 0x0000000086f00000, 0x0000000086e00000| Untracked 
|  47|0x0000000086f00000, 0x0000000087000000, 0x0000000087000000|100%| O|  |TAMS 0x0000000087000000, 0x0000000086f00000| Untracked 
|  48|0x0000000087000000, 0x00000000870fffc0, 0x0000000087100000| 99%| O|  |TAMS 0x00000000870fffc0, 0x0000000087000000| Untracked 
|  49|0x0000000087100000, 0x0000000087200000, 0x0000000087200000|100%| O|  |TAMS 0x0000000087200000, 0x0000000087100000| Untracked 
|  50|0x0000000087200000, 0x00000000872fffe8, 0x0000000087300000| 99%| O|  |TAMS 0x00000000872fffe8, 0x0000000087200000| Untracked 
|  51|0x0000000087300000, 0x00000000873ffff8, 0x0000000087400000| 99%| O|  |TAMS 0x00000000873ffff8, 0x0000000087300000| Untracked 
|  52|0x0000000087400000, 0x0000000087500000, 0x0000000087500000|100%| O|  |TAMS 0x0000000087500000, 0x0000000087400000| Untracked 
|  53|0x0000000087500000, 0x00000000875fffe8, 0x0000000087600000| 99%| O|  |TAMS 0x00000000875fffe8, 0x0000000087500000| Untracked 
|  54|0x0000000087600000, 0x00000000876fffd0, 0x0000000087700000| 99%| O|  |TAMS 0x00000000876fffd0, 0x0000000087600000| Untracked 
|  55|0x0000000087700000, 0x00000000877fffe8, 0x0000000087800000| 99%| O|  |TAMS 0x00000000877fffe8, 0x0000000087700000| Untracked 
|  56|0x0000000087800000, 0x00000000878ffff8, 0x0000000087900000| 99%| O|  |TAMS 0x00000000878ffff8, 0x0000000087800000| Untracked 
|  57|0x0000000087900000, 0x00000000879ffff8, 0x0000000087a00000| 99%| O|  |TAMS 0x00000000879ffff8, 0x0000000087900000| Untracked 
|  58|0x0000000087a00000, 0x0000000087b00000, 0x0000000087b00000|100%| O|  |TAMS 0x0000000087b00000, 0x0000000087a00000| Untracked 
|  59|0x0000000087b00000, 0x0000000087bfffd8, 0x0000000087c00000| 99%| O|  |TAMS 0x0000000087bfffd8, 0x0000000087b00000| Untracked 
|  60|0x0000000087c00000, 0x0000000087cfe8f8, 0x0000000087d00000| 99%| O|  |TAMS 0x0000000087cfe8f8, 0x0000000087c00000| Untracked 
|  61|0x0000000087d00000, 0x0000000087e00000, 0x0000000087e00000|100%| O|  |TAMS 0x0000000087e00000, 0x0000000087d00000| Untracked 
|  62|0x0000000087e00000, 0x0000000087efffe8, 0x0000000087f00000| 99%| O|  |TAMS 0x0000000087efffe8, 0x0000000087e00000| Untracked 
|  63|0x0000000087f00000, 0x0000000087ffff90, 0x0000000088000000| 99%| O|  |TAMS 0x0000000087ffff90, 0x0000000087f00000| Untracked 
|  64|0x0000000088000000, 0x0000000088100000, 0x0000000088100000|100%| O|  |TAMS 0x0000000088100000, 0x0000000088000000| Untracked 
|  65|0x0000000088100000, 0x00000000881fffb8, 0x0000000088200000| 99%| O|  |TAMS 0x0000000088100000, 0x0000000088100000| Untracked 
|  66|0x0000000088200000, 0x00000000882ffff8, 0x0000000088300000| 99%| O|  |TAMS 0x00000000882ffff8, 0x0000000088200000| Untracked 
|  67|0x0000000088300000, 0x00000000883ffff8, 0x0000000088400000| 99%| O|  |TAMS 0x00000000883ffff8, 0x0000000088300000| Untracked 
|  68|0x0000000088400000, 0x0000000088500000, 0x0000000088500000|100%| O|  |TAMS 0x0000000088500000, 0x0000000088400000| Untracked 
|  69|0x0000000088500000, 0x00000000885fffe8, 0x0000000088600000| 99%| O|  |TAMS 0x00000000885fffe8, 0x0000000088500000| Untracked 
|  70|0x0000000088600000, 0x00000000886f05e8, 0x0000000088700000| 93%| O|  |TAMS 0x0000000088600000, 0x0000000088600000| Untracked 
|  71|0x0000000088700000, 0x000000008879c0a0, 0x0000000088800000| 60%| O|  |TAMS 0x0000000088700000, 0x0000000088700000| Untracked 
|  72|0x0000000088800000, 0x0000000088833e88, 0x0000000088900000| 20%| O|  |TAMS 0x0000000088800000, 0x0000000088800000| Untracked 
|  73|0x0000000088900000, 0x0000000088974420, 0x0000000088a00000| 45%| O|  |TAMS 0x0000000088900000, 0x0000000088900000| Untracked 
|  74|0x0000000088a00000, 0x0000000088a1aac0, 0x0000000088b00000| 10%| O|  |TAMS 0x0000000088a00000, 0x0000000088a00000| Untracked 
|  75|0x0000000088b00000, 0x0000000088b00000, 0x0000000088c00000|  0%| F|  |TAMS 0x0000000088b00000, 0x0000000088b00000| Untracked 
|  76|0x0000000088c00000, 0x0000000088c00000, 0x0000000088d00000|  0%| F|  |TAMS 0x0000000088c00000, 0x0000000088c00000| Untracked 
|  77|0x0000000088d00000, 0x0000000088d00000, 0x0000000088e00000|  0%| F|  |TAMS 0x0000000088d00000, 0x0000000088d00000| Untracked 
|  78|0x0000000088e00000, 0x0000000088e00000, 0x0000000088f00000|  0%| F|  |TAMS 0x0000000088e00000, 0x0000000088e00000| Untracked 
|  79|0x0000000088f00000, 0x0000000088f00000, 0x0000000089000000|  0%| F|  |TAMS 0x0000000088f00000, 0x0000000088f00000| Untracked 
|  80|0x0000000089000000, 0x0000000089000000, 0x0000000089100000|  0%| F|  |TAMS 0x0000000089000000, 0x0000000089000000| Untracked 
|  81|0x0000000089100000, 0x0000000089100000, 0x0000000089200000|  0%| F|  |TAMS 0x0000000089100000, 0x0000000089100000| Untracked 
|  82|0x0000000089200000, 0x0000000089200000, 0x0000000089300000|  0%| F|  |TAMS 0x0000000089200000, 0x0000000089200000| Untracked 
|  83|0x0000000089300000, 0x0000000089300000, 0x0000000089400000|  0%| F|  |TAMS 0x0000000089300000, 0x0000000089300000| Untracked 
|  84|0x0000000089400000, 0x0000000089400000, 0x0000000089500000|  0%| F|  |TAMS 0x0000000089400000, 0x0000000089400000| Untracked 
|  85|0x0000000089500000, 0x0000000089500000, 0x0000000089600000|  0%| F|  |TAMS 0x0000000089500000, 0x0000000089500000| Untracked 
|  86|0x0000000089600000, 0x0000000089600000, 0x0000000089700000|  0%| F|  |TAMS 0x0000000089600000, 0x0000000089600000| Untracked 
|  87|0x0000000089700000, 0x0000000089700000, 0x0000000089800000|  0%| F|  |TAMS 0x0000000089700000, 0x0000000089700000| Untracked 
|  88|0x0000000089800000, 0x0000000089800000, 0x0000000089900000|  0%| F|  |TAMS 0x0000000089800000, 0x0000000089800000| Untracked 
|  89|0x0000000089900000, 0x0000000089900000, 0x0000000089a00000|  0%| F|  |TAMS 0x0000000089900000, 0x0000000089900000| Untracked 
|  90|0x0000000089a00000, 0x0000000089a00000, 0x0000000089b00000|  0%| F|  |TAMS 0x0000000089a00000, 0x0000000089a00000| Untracked 
|  91|0x0000000089b00000, 0x0000000089b00000, 0x0000000089c00000|  0%| F|  |TAMS 0x0000000089b00000, 0x0000000089b00000| Untracked 
|  92|0x0000000089c00000, 0x0000000089c00000, 0x0000000089d00000|  0%| F|  |TAMS 0x0000000089c00000, 0x0000000089c00000| Untracked 
|  93|0x0000000089d00000, 0x0000000089d00000, 0x0000000089e00000|  0%| F|  |TAMS 0x0000000089d00000, 0x0000000089d00000| Untracked 
|  94|0x0000000089e00000, 0x0000000089e00000, 0x0000000089f00000|  0%| F|  |TAMS 0x0000000089e00000, 0x0000000089e00000| Untracked 
|  95|0x0000000089f00000, 0x0000000089f00000, 0x000000008a000000|  0%| F|  |TAMS 0x0000000089f00000, 0x0000000089f00000| Untracked 
|  96|0x000000008a000000, 0x000000008a000000, 0x000000008a100000|  0%| F|  |TAMS 0x000000008a000000, 0x000000008a000000| Untracked 
|  97|0x000000008a100000, 0x000000008a100000, 0x000000008a200000|  0%| F|  |TAMS 0x000000008a100000, 0x000000008a100000| Untracked 
|  98|0x000000008a200000, 0x000000008a200000, 0x000000008a300000|  0%| F|  |TAMS 0x000000008a200000, 0x000000008a200000| Untracked 
|  99|0x000000008a300000, 0x000000008a300000, 0x000000008a400000|  0%| F|  |TAMS 0x000000008a300000, 0x000000008a300000| Untracked 
| 100|0x000000008a400000, 0x000000008a4fdbd8, 0x000000008a500000| 99%| S|  |TAMS 0x000000008a400000, 0x000000008a400000| Complete 
| 101|0x000000008a500000, 0x000000008a600000, 0x000000008a600000|100%| S|  |TAMS 0x000000008a500000, 0x000000008a500000| Complete 
| 102|0x000000008a600000, 0x000000008a700000, 0x000000008a700000|100%| S|  |TAMS 0x000000008a600000, 0x000000008a600000| Complete 
| 103|0x000000008a700000, 0x000000008a800000, 0x000000008a800000|100%| S|  |TAMS 0x000000008a700000, 0x000000008a700000| Complete 
| 104|0x000000008a800000, 0x000000008a900000, 0x000000008a900000|100%| S|  |TAMS 0x000000008a800000, 0x000000008a800000| Complete 
| 105|0x000000008a900000, 0x000000008aa00000, 0x000000008aa00000|100%| S|  |TAMS 0x000000008a900000, 0x000000008a900000| Complete 
| 106|0x000000008aa00000, 0x000000008aa00000, 0x000000008ab00000|  0%| F|  |TAMS 0x000000008aa00000, 0x000000008aa00000| Untracked 
| 107|0x000000008ab00000, 0x000000008ab00000, 0x000000008ac00000|  0%| F|  |TAMS 0x000000008ab00000, 0x000000008ab00000| Untracked 
| 108|0x000000008ac00000, 0x000000008ac00000, 0x000000008ad00000|  0%| F|  |TAMS 0x000000008ac00000, 0x000000008ac00000| Untracked 
| 109|0x000000008ad00000, 0x000000008ad00000, 0x000000008ae00000|  0%| F|  |TAMS 0x000000008ad00000, 0x000000008ad00000| Untracked 
| 110|0x000000008ae00000, 0x000000008ae00000, 0x000000008af00000|  0%| F|  |TAMS 0x000000008ae00000, 0x000000008ae00000| Untracked 
| 111|0x000000008af00000, 0x000000008af00000, 0x000000008b000000|  0%| F|  |TAMS 0x000000008af00000, 0x000000008af00000| Untracked 
| 112|0x000000008b000000, 0x000000008b000000, 0x000000008b100000|  0%| F|  |TAMS 0x000000008b000000, 0x000000008b000000| Untracked 
| 113|0x000000008b100000, 0x000000008b100000, 0x000000008b200000|  0%| F|  |TAMS 0x000000008b100000, 0x000000008b100000| Untracked 
| 114|0x000000008b200000, 0x000000008b200000, 0x000000008b300000|  0%| F|  |TAMS 0x000000008b200000, 0x000000008b200000| Untracked 
| 115|0x000000008b300000, 0x000000008b300000, 0x000000008b400000|  0%| F|  |TAMS 0x000000008b300000, 0x000000008b300000| Untracked 
| 116|0x000000008b400000, 0x000000008b400000, 0x000000008b500000|  0%| F|  |TAMS 0x000000008b400000, 0x000000008b400000| Untracked 
| 117|0x000000008b500000, 0x000000008b500000, 0x000000008b600000|  0%| F|  |TAMS 0x000000008b500000, 0x000000008b500000| Untracked 
| 118|0x000000008b600000, 0x000000008b68e460, 0x000000008b700000| 55%| E|  |TAMS 0x000000008b600000, 0x000000008b600000| Complete 
| 119|0x000000008b700000, 0x000000008b800000, 0x000000008b800000|100%| E|  |TAMS 0x000000008b700000, 0x000000008b700000| Complete 
| 120|0x000000008b800000, 0x000000008b900000, 0x000000008b900000|100%| E|  |TAMS 0x000000008b800000, 0x000000008b800000| Complete 
| 121|0x000000008b900000, 0x000000008ba00000, 0x000000008ba00000|100%| E|  |TAMS 0x000000008b900000, 0x000000008b900000| Complete 
| 122|0x000000008ba00000, 0x000000008bb00000, 0x000000008bb00000|100%| E|  |TAMS 0x000000008ba00000, 0x000000008ba00000| Complete 
| 123|0x000000008bb00000, 0x000000008bc00000, 0x000000008bc00000|100%| E|  |TAMS 0x000000008bb00000, 0x000000008bb00000| Complete 
| 124|0x000000008bc00000, 0x000000008bd00000, 0x000000008bd00000|100%| E|  |TAMS 0x000000008bc00000, 0x000000008bc00000| Complete 
| 125|0x000000008bd00000, 0x000000008be00000, 0x000000008be00000|100%| E|  |TAMS 0x000000008bd00000, 0x000000008bd00000| Complete 
| 126|0x000000008be00000, 0x000000008bf00000, 0x000000008bf00000|100%| E|  |TAMS 0x000000008be00000, 0x000000008be00000| Complete 
| 127|0x000000008bf00000, 0x000000008c000000, 0x000000008c000000|100%| E|  |TAMS 0x000000008bf00000, 0x000000008bf00000| Complete 
| 128|0x000000008c000000, 0x000000008c100000, 0x000000008c100000|100%| E|  |TAMS 0x000000008c000000, 0x000000008c000000| Complete 
| 129|0x000000008c100000, 0x000000008c200000, 0x000000008c200000|100%| E|  |TAMS 0x000000008c100000, 0x000000008c100000| Complete 
| 130|0x000000008c200000, 0x000000008c300000, 0x000000008c300000|100%| E|  |TAMS 0x000000008c200000, 0x000000008c200000| Complete 
| 131|0x000000008c300000, 0x000000008c400000, 0x000000008c400000|100%| E|  |TAMS 0x000000008c300000, 0x000000008c300000| Complete 
| 132|0x000000008c400000, 0x000000008c500000, 0x000000008c500000|100%| E|  |TAMS 0x000000008c400000, 0x000000008c400000| Complete 
| 133|0x000000008c500000, 0x000000008c600000, 0x000000008c600000|100%| E|  |TAMS 0x000000008c500000, 0x000000008c500000| Complete 
| 134|0x000000008c600000, 0x000000008c700000, 0x000000008c700000|100%| E|  |TAMS 0x000000008c600000, 0x000000008c600000| Complete 
| 135|0x000000008c700000, 0x000000008c800000, 0x000000008c800000|100%| E|  |TAMS 0x000000008c700000, 0x000000008c700000| Complete 
| 136|0x000000008c800000, 0x000000008c900000, 0x000000008c900000|100%| E|  |TAMS 0x000000008c800000, 0x000000008c800000| Complete 
| 137|0x000000008c900000, 0x000000008ca00000, 0x000000008ca00000|100%| E|  |TAMS 0x000000008c900000, 0x000000008c900000| Complete 
| 138|0x000000008ca00000, 0x000000008cb00000, 0x000000008cb00000|100%| E|  |TAMS 0x000000008ca00000, 0x000000008ca00000| Complete 
| 139|0x000000008cb00000, 0x000000008cc00000, 0x000000008cc00000|100%| E|  |TAMS 0x000000008cb00000, 0x000000008cb00000| Complete 
| 140|0x000000008cc00000, 0x000000008cd00000, 0x000000008cd00000|100%| E|  |TAMS 0x000000008cc00000, 0x000000008cc00000| Complete 
| 141|0x000000008cd00000, 0x000000008ce00000, 0x000000008ce00000|100%| E|  |TAMS 0x000000008cd00000, 0x000000008cd00000| Complete 
| 142|0x000000008ce00000, 0x000000008cf00000, 0x000000008cf00000|100%| E|  |TAMS 0x000000008ce00000, 0x000000008ce00000| Complete 
| 143|0x000000008cf00000, 0x000000008d000000, 0x000000008d000000|100%| E|  |TAMS 0x000000008cf00000, 0x000000008cf00000| Complete 
| 144|0x000000008d000000, 0x000000008d100000, 0x000000008d100000|100%| E|  |TAMS 0x000000008d000000, 0x000000008d000000| Complete 
| 145|0x000000008d100000, 0x000000008d200000, 0x000000008d200000|100%| E|  |TAMS 0x000000008d100000, 0x000000008d100000| Complete 
| 146|0x000000008d200000, 0x000000008d300000, 0x000000008d300000|100%| E|  |TAMS 0x000000008d200000, 0x000000008d200000| Complete 
| 147|0x000000008d300000, 0x000000008d400000, 0x000000008d400000|100%| E|  |TAMS 0x000000008d300000, 0x000000008d300000| Complete 
| 148|0x000000008d400000, 0x000000008d500000, 0x000000008d500000|100%| E|  |TAMS 0x000000008d400000, 0x000000008d400000| Complete 
| 149|0x000000008d500000, 0x000000008d600000, 0x000000008d600000|100%| E|  |TAMS 0x000000008d500000, 0x000000008d500000| Complete 
| 150|0x000000008d600000, 0x000000008d700000, 0x000000008d700000|100%| E|  |TAMS 0x000000008d600000, 0x000000008d600000| Complete 
| 151|0x000000008d700000, 0x000000008d800000, 0x000000008d800000|100%| E|  |TAMS 0x000000008d700000, 0x000000008d700000| Complete 
| 152|0x000000008d800000, 0x000000008d900000, 0x000000008d900000|100%| E|  |TAMS 0x000000008d800000, 0x000000008d800000| Complete 
| 153|0x000000008d900000, 0x000000008da00000, 0x000000008da00000|100%| E|  |TAMS 0x000000008d900000, 0x000000008d900000| Complete 
| 154|0x000000008da00000, 0x000000008db00000, 0x000000008db00000|100%| E|  |TAMS 0x000000008da00000, 0x000000008da00000| Complete 
| 155|0x000000008db00000, 0x000000008dc00000, 0x000000008dc00000|100%| E|  |TAMS 0x000000008db00000, 0x000000008db00000| Complete 
| 156|0x000000008dc00000, 0x000000008dd00000, 0x000000008dd00000|100%| E|  |TAMS 0x000000008dc00000, 0x000000008dc00000| Complete 
| 157|0x000000008dd00000, 0x000000008de00000, 0x000000008de00000|100%| E|  |TAMS 0x000000008dd00000, 0x000000008dd00000| Complete 
| 158|0x000000008de00000, 0x000000008df00000, 0x000000008df00000|100%| E|  |TAMS 0x000000008de00000, 0x000000008de00000| Complete 
| 159|0x000000008df00000, 0x000000008e000000, 0x000000008e000000|100%| E|  |TAMS 0x000000008df00000, 0x000000008df00000| Complete 
| 160|0x000000008e000000, 0x000000008e100000, 0x000000008e100000|100%| E|  |TAMS 0x000000008e000000, 0x000000008e000000| Complete 
| 161|0x000000008e100000, 0x000000008e200000, 0x000000008e200000|100%| E|  |TAMS 0x000000008e100000, 0x000000008e100000| Complete 
| 162|0x000000008e200000, 0x000000008e300000, 0x000000008e300000|100%| E|  |TAMS 0x000000008e200000, 0x000000008e200000| Complete 
| 163|0x000000008e300000, 0x000000008e400000, 0x000000008e400000|100%| E|  |TAMS 0x000000008e300000, 0x000000008e300000| Complete 

Card table byte_map: [0x0000024d56280000,0x0000024d56660000] _byte_map_base: 0x0000024d55e60000

Marking Bits (Prev, Next): (CMBitMap*) 0x0000024d3ec87d70, (CMBitMap*) 0x0000024d3ec87d30
 Prev Bits: [0x0000024d58940000, 0x0000024d5a840000)
 Next Bits: [0x0000024d56a40000, 0x0000024d58940000)

Polling page: 0x0000024d3cb80000

Metaspace:

Usage:
  Non-class:     75.23 MB used.
      Class:     10.31 MB used.
       Both:     85.53 MB used.

Virtual space:
  Non-class space:      128.00 MB reserved,      75.69 MB ( 59%) committed,  2 nodes.
      Class space:        1.00 GB reserved,      10.75 MB (  1%) committed,  1 nodes.
             Both:        1.12 GB reserved,      86.44 MB (  8%) committed. 

Chunk freelists:
   Non-Class:  202.00 KB
       Class:  1.20 MB
        Both:  1.40 MB

MaxMetaspaceSize: unlimited
CompressedClassSpaceSize: 1.00 GB
Initial GC threshold: 21.00 MB
Current GC threshold: 143.44 MB
CDS: on
MetaspaceReclaimPolicy: balanced
 - commit_granule_bytes: 65536.
 - commit_granule_words: 8192.
 - virtual_space_node_default_size: 8388608.
 - enlarge_chunks_in_place: 1.
 - new_chunks_are_fully_committed: 0.
 - uncommit_free_chunks: 1.
 - use_allocation_guard: 0.


Internal statistics:

num_allocs_failed_limit: 9.
num_arena_births: 1422.
num_arena_deaths: 454.
num_vsnodes_births: 3.
num_vsnodes_deaths: 0.
num_space_committed: 1383.
num_space_uncommitted: 0.
num_chunks_returned_to_freelist: 473.
num_chunks_taken_from_freelist: 5039.
num_chunk_merges: 126.
num_chunk_splits: 3327.
num_chunks_enlarged: 2581.
num_inconsistent_stats: 0.

CodeHeap 'non-profiled nmethods': size=120000Kb used=12174Kb max_used=12884Kb free=107825Kb
 bounds [0x0000024d4e640000, 0x0000024d4f2e0000, 0x0000024d55b70000]
CodeHeap 'profiled nmethods': size=120000Kb used=24622Kb max_used=26650Kb free=95377Kb
 bounds [0x0000024d46b70000, 0x0000024d48580000, 0x0000024d4e0a0000]
CodeHeap 'non-nmethods': size=5760Kb used=1530Kb max_used=1638Kb free=4229Kb
 bounds [0x0000024d4e0a0000, 0x0000024d4e310000, 0x0000024d4e640000]
 total_blobs=13208 nmethods=12496 adapters=621
 compilation: enabled
              stopped_count=0, restarted_count=0
 full_count=0

Compilation events (20 events):
Event: 2875.262 Thread 0x0000024d5d289c10 nmethod 15988 0x0000024d46bd3810 code [0x0000024d46bd3a00, 0x0000024d46bd3f68]
Event: 2875.268 Thread 0x0000024d5d289c10 15989   !   3       java.lang.String::replace (258 bytes)
Event: 2875.271 Thread 0x0000024d5d289c10 nmethod 15989 0x0000024d4778e110 code [0x0000024d4778e5c0, 0x0000024d47790998]
Event: 2875.271 Thread 0x0000024d5d289c10 15990       3       org.springframework.boot.actuate.autoconfigure.metrics.export.simple.SimplePropertiesConfigAdapter::step (19 bytes)
Event: 2875.272 Thread 0x0000024d5d289c10 nmethod 15990 0x0000024d46f98f90 code [0x0000024d46f991e0, 0x0000024d46f99cf8]
Event: 2875.272 Thread 0x0000024d5d289c10 15991       3       org.springframework.boot.actuate.autoconfigure.metrics.export.simple.SimplePropertiesConfigAdapter$$Lambda$735/0x0000000801421448::<init> (10 bytes)
Event: 2875.272 Thread 0x0000024d5d289c10 nmethod 15991 0x0000024d46c74910 code [0x0000024d46c74ac0, 0x0000024d46c74c78]
Event: 2875.272 Thread 0x0000024d6c44aca0 nmethod 15983 0x0000024d4efbe090 code [0x0000024d4efbe380, 0x0000024d4efbfd08]
Event: 2875.274 Thread 0x0000024d5d289c10 15992       3       org.springframework.boot.actuate.metrics.startup.StartupTimeMetricsListener::supportsEventType (24 bytes)
Event: 2875.274 Thread 0x0000024d5d289c10 nmethod 15992 0x0000024d46d5b910 code [0x0000024d46d5bac0, 0x0000024d46d5bcf8]
Event: 2875.279 Thread 0x0000024d5d289c10 15993       3       org.springframework.boot.devtools.autoconfigure.LocalDevToolsAutoConfiguration$LiveReloadServerEventListener::supportsEventType (35 bytes)
Event: 2875.280 Thread 0x0000024d5d289c10 nmethod 15993 0x0000024d47033890 code [0x0000024d47033a60, 0x0000024d47033da8]
Event: 2875.292 Thread 0x0000024d5d2811a0 nmethod 15986 0x0000024d4ea5e410 code [0x0000024d4ea5e760, 0x0000024d4ea60968]
Event: 2896.018 Thread 0x0000024d5d289c10 15994       3       org.h2.mvstore.tx.TransactionMap::set (19 bytes)
Event: 2896.018 Thread 0x0000024d5d289c10 nmethod 15994 0x0000024d471a5910 code [0x0000024d471a5ae0, 0x0000024d471a5e38]
Event: 2896.018 Thread 0x0000024d5d289c10 15995       3       org.h2.mvstore.tx.TxDecisionMaker::decide (13 bytes)
Event: 2896.018 Thread 0x0000024d5d289c10 nmethod 15995 0x0000024d471dce90 code [0x0000024d471dd040, 0x0000024d471dd428]
Event: 2896.018 Thread 0x0000024d5d289c10 15996       3       java.util.concurrent.atomic.AtomicBoolean::compareAndSet (26 bytes)
Event: 2896.019 Thread 0x0000024d5d289c10 nmethod 15996 0x0000024d46dab910 code [0x0000024d46dabb40, 0x0000024d46dac2d8]
Event: 2896.232 Thread 0x0000024d5d289c10 15997       3       org.springframework.util.ConcurrentReferenceHashMap$EntryIterator::getNextIfNecessary (36 bytes)

GC Heap History (20 events):
Event: 2513.656 GC heap after
{Heap after GC invocations=77 (full 13):
 garbage-first heap   total 167936K, used 78315K [0x0000000084000000, 0x0000000100000000)
  region size 1024K, 3 young (3072K), 3 survivors (3072K)
 Metaspace       used 85739K, committed 86656K, reserved 1179648K
  class space    used 10448K, committed 10880K, reserved 1048576K
}
Event: 2667.296 GC heap before
{Heap before GC invocations=77 (full 13):
 garbage-first heap   total 167936K, used 132587K [0x0000000084000000, 0x0000000100000000)
  region size 1024K, 56 young (57344K), 3 survivors (3072K)
 Metaspace       used 85888K, committed 86784K, reserved 1179648K
  class space    used 10450K, committed 10880K, reserved 1048576K
}
Event: 2667.302 GC heap after
{Heap after GC invocations=78 (full 13):
 garbage-first heap   total 167936K, used 80547K [0x0000000084000000, 0x0000000100000000)
  region size 1024K, 5 young (5120K), 5 survivors (5120K)
 Metaspace       used 85888K, committed 86784K, reserved 1179648K
  class space    used 10450K, committed 10880K, reserved 1048576K
}
Event: 2803.670 GC heap before
{Heap before GC invocations=78 (full 13):
 garbage-first heap   total 167936K, used 102051K [0x0000000084000000, 0x0000000100000000)
  region size 1024K, 27 young (27648K), 5 survivors (5120K)
 Metaspace       used 85915K, committed 86784K, reserved 1179648K
  class space    used 10450K, committed 10880K, reserved 1048576K
}
Event: 2803.742 GC heap after
{Heap after GC invocations=79 (full 14):
 garbage-first heap   total 167936K, used 70788K [0x0000000084000000, 0x0000000100000000)
  region size 1024K, 0 young (0K), 0 survivors (0K)
 Metaspace       used 85910K, committed 86784K, reserved 1179648K
  class space    used 10449K, committed 10880K, reserved 1048576K
}
Event: 2804.154 GC heap before
{Heap before GC invocations=79 (full 14):
 garbage-first heap   total 167936K, used 131204K [0x0000000084000000, 0x0000000100000000)
  region size 1024K, 60 young (61440K), 0 survivors (0K)
 Metaspace       used 86146K, committed 87040K, reserved 1179648K
  class space    used 10467K, committed 10944K, reserved 1048576K
}
Event: 2804.157 GC heap after
{Heap after GC invocations=80 (full 14):
 garbage-first heap   total 167936K, used 76499K [0x0000000084000000, 0x0000000100000000)
  region size 1024K, 6 young (6144K), 6 survivors (6144K)
 Metaspace       used 86146K, committed 87040K, reserved 1179648K
  class space    used 10467K, committed 10944K, reserved 1048576K
}
Event: 2846.641 GC heap before
{Heap before GC invocations=80 (full 14):
 garbage-first heap   total 167936K, used 123603K [0x0000000084000000, 0x0000000100000000)
  region size 1024K, 53 young (54272K), 6 survivors (6144K)
 Metaspace       used 86294K, committed 87232K, reserved 1179648K
  class space    used 10474K, committed 10944K, reserved 1048576K
}
Event: 2846.707 GC heap after
{Heap after GC invocations=81 (full 15):
 garbage-first heap   total 167936K, used 68123K [0x0000000084000000, 0x0000000100000000)
  region size 1024K, 0 young (0K), 0 survivors (0K)
 Metaspace       used 86283K, committed 87232K, reserved 1179648K
  class space    used 10472K, committed 10944K, reserved 1048576K
}
Event: 2847.107 GC heap before
{Heap before GC invocations=81 (full 15):
 garbage-first heap   total 167936K, used 131611K [0x0000000084000000, 0x0000000100000000)
  region size 1024K, 63 young (64512K), 0 survivors (0K)
 Metaspace       used 86590K, committed 87488K, reserved 1179648K
  class space    used 10490K, committed 10944K, reserved 1048576K
}
Event: 2847.110 GC heap after
{Heap after GC invocations=82 (full 15):
 garbage-first heap   total 167936K, used 74012K [0x0000000084000000, 0x0000000100000000)
  region size 1024K, 6 young (6144K), 6 survivors (6144K)
 Metaspace       used 86590K, committed 87488K, reserved 1179648K
  class space    used 10490K, committed 10944K, reserved 1048576K
}
Event: 2870.353 GC heap before
{Heap before GC invocations=82 (full 15):
 garbage-first heap   total 167936K, used 115996K [0x0000000084000000, 0x0000000100000000)
  region size 1024K, 48 young (49152K), 6 survivors (6144K)
 Metaspace       used 86750K, committed 87616K, reserved 1179648K
  class space    used 10501K, committed 10944K, reserved 1048576K
}
Event: 2870.416 GC heap after
{Heap after GC invocations=83 (full 16):
 garbage-first heap   total 167936K, used 71125K [0x0000000084000000, 0x0000000100000000)
  region size 1024K, 0 young (0K), 0 survivors (0K)
 Metaspace       used 86750K, committed 87616K, reserved 1179648K
  class space    used 10501K, committed 10944K, reserved 1048576K
}
Event: 2870.793 GC heap before
{Heap before GC invocations=83 (full 16):
 garbage-first heap   total 167936K, used 131541K [0x0000000084000000, 0x0000000100000000)
  region size 1024K, 60 young (61440K), 0 survivors (0K)
 Metaspace       used 87025K, committed 88000K, reserved 1179648K
  class space    used 10518K, committed 11008K, reserved 1048576K
}
Event: 2870.797 GC heap after
{Heap after GC invocations=84 (full 16):
 garbage-first heap   total 167936K, used 77269K [0x0000000084000000, 0x0000000100000000)
  region size 1024K, 6 young (6144K), 6 survivors (6144K)
 Metaspace       used 87025K, committed 88000K, reserved 1179648K
  class space    used 10518K, committed 11008K, reserved 1048576K
}
Event: 2874.648 GC heap before
{Heap before GC invocations=84 (full 16):
 garbage-first heap   total 167936K, used 119253K [0x0000000084000000, 0x0000000100000000)
  region size 1024K, 48 young (49152K), 6 survivors (6144K)
 Metaspace       used 87154K, committed 88128K, reserved 1179648K
  class space    used 10527K, committed 11008K, reserved 1048576K
}
Event: 2874.709 GC heap after
{Heap after GC invocations=85 (full 17):
 garbage-first heap   total 167936K, used 74031K [0x0000000084000000, 0x0000000100000000)
  region size 1024K, 0 young (0K), 0 survivors (0K)
 Metaspace       used 87154K, committed 88128K, reserved 1179648K
  class space    used 10527K, committed 11008K, reserved 1048576K
}
Event: 2875.094 GC heap before
{Heap before GC invocations=85 (full 17):
 garbage-first heap   total 167936K, used 132399K [0x0000000084000000, 0x0000000100000000)
  region size 1024K, 58 young (59392K), 0 survivors (0K)
 Metaspace       used 87367K, committed 88320K, reserved 1179648K
  class space    used 10541K, committed 11008K, reserved 1048576K
}
Event: 2875.098 GC heap after
{Heap after GC invocations=86 (full 17):
 garbage-first heap   total 167936K, used 80166K [0x0000000084000000, 0x0000000100000000)
  region size 1024K, 6 young (6144K), 6 survivors (6144K)
 Metaspace       used 87367K, committed 88320K, reserved 1179648K
  class space    used 10541K, committed 11008K, reserved 1048576K
}
Event: 2896.232 GC heap before
{Heap before GC invocations=86 (full 17):
 garbage-first heap   total 167936K, used 126246K [0x0000000084000000, 0x0000000100000000)
  region size 1024K, 52 young (53248K), 6 survivors (6144K)
 Metaspace       used 87583K, committed 88512K, reserved 1179648K
  class space    used 10552K, committed 11008K, reserved 1048576K
}

Dll operation events (13 events):
Event: 0.205 Loaded shared library D:\Program Files\Java\jdk-19\bin\java.dll
Event: 0.262 Loaded shared library D:\Program Files\Java\jdk-19\bin\jsvml.dll
Event: 0.569 Loaded shared library D:\Program Files\Java\jdk-19\bin\zip.dll
Event: 0.570 Loaded shared library D:\Program Files\Java\jdk-19\bin\instrument.dll
Event: 0.604 Loaded shared library D:\Program Files\Java\jdk-19\bin\net.dll
Event: 0.642 Loaded shared library D:\Program Files\Java\jdk-19\bin\nio.dll
Event: 0.645 Loaded shared library D:\Program Files\Java\jdk-19\bin\zip.dll
Event: 0.740 Loaded shared library D:\Program Files\Java\jdk-19\bin\jimage.dll
Event: 0.808 Loaded shared library D:\Program Files\Java\jdk-19\bin\verify.dll
Event: 1.141 Loaded shared library D:\Program Files\Java\jdk-19\bin\management.dll
Event: 1.186 Loaded shared library D:\Program Files\Java\jdk-19\bin\management_ext.dll
Event: 3.820 Loaded shared library D:\Program Files\Java\jdk-19\bin\sunmscapi.dll
Event: 8.653 Loaded shared library D:\Program Files\Java\jdk-19\bin\extnet.dll

Deoptimization events (20 events):
Event: 2896.016 Thread 0x0000024d6a6a5ca0 DEOPT UNPACKING pc=0x0000024d4e10b0e3 sp=0x000000eaec0fea58 mode 1
Event: 2896.016 Thread 0x0000024d6a6a3770 DEOPT UNPACKING pc=0x0000024d4e10b0e3 sp=0x000000eaebffe7e0 mode 1
Event: 2896.016 Thread 0x0000024d6a6a3770 DEOPT PACKING pc=0x0000024d4741df94 sp=0x000000eaebfff3e0
Event: 2896.016 Thread 0x0000024d6a6a3770 DEOPT UNPACKING pc=0x0000024d4e10b0e3 sp=0x000000eaebffe938 mode 1
Event: 2896.016 Thread 0x0000024d6a6a3770 DEOPT PACKING pc=0x0000024d4741d2cc sp=0x000000eaebfff510
Event: 2896.016 Thread 0x0000024d6a6a3770 DEOPT UNPACKING pc=0x0000024d4e10b0e3 sp=0x000000eaebffe9b0 mode 1
Event: 2896.016 Thread 0x0000024d6a6a3770 DEOPT PACKING pc=0x0000024d47459684 sp=0x000000eaebfff550
Event: 2896.016 Thread 0x0000024d6a6a3770 DEOPT UNPACKING pc=0x0000024d4e10b0e3 sp=0x000000eaebffea10 mode 1
Event: 2896.229 Thread 0x0000024d63961f10 DEOPT PACKING pc=0x0000024d4703577f sp=0x000000eaeaefe6d0
Event: 2896.229 Thread 0x0000024d63961f10 DEOPT UNPACKING pc=0x0000024d4e10b0e3 sp=0x000000eaeaefdb88 mode 1
Event: 2896.230 Thread 0x0000024d63961f10 DEOPT PACKING pc=0x0000024d480755cc sp=0x000000eaeaefe9e0
Event: 2896.230 Thread 0x0000024d63961f10 DEOPT UNPACKING pc=0x0000024d4e10b0e3 sp=0x000000eaeaefe098 mode 1
Event: 2896.231 Thread 0x0000024d6a6a91c0 DEOPT PACKING pc=0x0000024d46d42c4c sp=0x000000eaebdfee20
Event: 2896.231 Thread 0x0000024d6a6a91c0 DEOPT UNPACKING pc=0x0000024d4e10b0e3 sp=0x000000eaebdfe330 mode 1
Event: 2896.231 Thread 0x0000024d6a6a91c0 DEOPT PACKING pc=0x0000024d4741df94 sp=0x000000eaebdfef30
Event: 2896.231 Thread 0x0000024d6a6a91c0 DEOPT UNPACKING pc=0x0000024d4e10b0e3 sp=0x000000eaebdfe488 mode 1
Event: 2896.231 Thread 0x0000024d6a6a91c0 DEOPT PACKING pc=0x0000024d4741d2cc sp=0x000000eaebdff060
Event: 2896.231 Thread 0x0000024d6a6a91c0 DEOPT UNPACKING pc=0x0000024d4e10b0e3 sp=0x000000eaebdfe500 mode 1
Event: 2896.231 Thread 0x0000024d6a6a91c0 DEOPT PACKING pc=0x0000024d47459684 sp=0x000000eaebdff0a0
Event: 2896.231 Thread 0x0000024d6a6a91c0 DEOPT UNPACKING pc=0x0000024d4e10b0e3 sp=0x000000eaebdfe560 mode 1

Classes loaded (20 events):
Event: 1988.165 Loading class java/util/TreeMap$EntrySpliterator
Event: 1988.165 Loading class java/util/TreeMap$EntrySpliterator done
Event: 1988.442 Loading class java/util/Collections$ReverseComparator2
Event: 1988.442 Loading class java/util/Collections$ReverseComparator2 done
Event: 1988.447 Loading class java/text/CharacterIterator
Event: 1988.447 Loading class java/text/CharacterIterator done
Event: 1988.447 Loading class java/text/StringCharacterIterator
Event: 1988.447 Loading class java/text/StringCharacterIterator done
Event: 1988.480 Loading class java/util/concurrent/ConcurrentHashMap$KeySpliterator
Event: 1988.487 Loading class java/util/concurrent/ConcurrentHashMap$KeySpliterator done
Event: 1988.597 Loading class java/util/stream/ReduceOps$4
Event: 1988.597 Loading class java/util/stream/ReduceOps$4 done
Event: 1988.598 Loading class java/util/stream/ReduceOps$4ReducingSink
Event: 1988.598 Loading class java/util/stream/ReduceOps$4ReducingSink done
Event: 1988.601 Loading class java/lang/package-info
Event: 1988.601 Loading class java/lang/package-info done
Event: 1988.627 Loading class sun/reflect/generics/tree/IntSignature
Event: 1988.627 Loading class sun/reflect/generics/tree/IntSignature done
Event: 1988.661 Loading class java/util/package-info
Event: 1988.661 Loading class java/util/package-info done

Classes unloaded (20 events):
Event: 1973.227 Thread 0x0000024d5d255800 Unloading class 0x000000080101c400 'java/lang/invoke/LambdaForm$MH+0x000000080101c400'
Event: 1973.227 Thread 0x0000024d5d255800 Unloading class 0x000000080101c000 'java/lang/invoke/LambdaForm$MH+0x000000080101c000'
Event: 1973.227 Thread 0x0000024d5d255800 Unloading class 0x000000080101b800 'java/lang/invoke/LambdaForm$MH+0x000000080101b800'
Event: 1973.227 Thread 0x0000024d5d255800 Unloading class 0x000000080101b400 'java/lang/invoke/LambdaForm$MH+0x000000080101b400'
Event: 1973.227 Thread 0x0000024d5d255800 Unloading class 0x000000080101b000 'java/lang/invoke/LambdaForm$MH+0x000000080101b000'
Event: 1973.227 Thread 0x0000024d5d255800 Unloading class 0x000000080101a400 'java/lang/invoke/LambdaForm$MH+0x000000080101a400'
Event: 1973.227 Thread 0x0000024d5d255800 Unloading class 0x0000000801019400 'java/lang/invoke/LambdaForm$MH+0x0000000801019400'
Event: 1973.227 Thread 0x0000024d5d255800 Unloading class 0x0000000801018800 'java/lang/invoke/LambdaForm$MH+0x0000000801018800'
Event: 1973.227 Thread 0x0000024d5d255800 Unloading class 0x0000000801018000 'java/lang/invoke/LambdaForm$MH+0x0000000801018000'
Event: 1973.227 Thread 0x0000024d5d255800 Unloading class 0x0000000801003800 'java/lang/invoke/LambdaForm$MH+0x0000000801003800'
Event: 1973.227 Thread 0x0000024d5d255800 Unloading class 0x0000000801003400 'java/lang/invoke/LambdaForm$MH+0x0000000801003400'
Event: 1973.227 Thread 0x0000024d5d255800 Unloading class 0x0000000801003000 'java/lang/invoke/LambdaForm$MH+0x0000000801003000'
Event: 1973.227 Thread 0x0000024d5d255800 Unloading class 0x0000000801002c00 'java/lang/invoke/LambdaForm$MH+0x0000000801002c00'
Event: 2803.703 Thread 0x0000024d5d255800 Unloading class 0x0000000801a30c00 'org/apache/catalina/loader/JdbcLeakPrevention'
Event: 2803.703 Thread 0x0000024d5d255800 Unloading class 0x0000000801a20800 'org/apache/catalina/loader/JdbcLeakPrevention'
Event: 2846.669 Thread 0x0000024d5d255800 Unloading class 0x0000000801a38800 'org/apache/catalina/loader/JdbcLeakPrevention'
Event: 2846.669 Thread 0x0000024d5d255800 Unloading class 0x0000000801a30000 'java/lang/invoke/LambdaForm$MH+0x0000000801a30000'
Event: 2846.669 Thread 0x0000024d5d255800 Unloading class 0x0000000801a28000 'org/apache/catalina/loader/JdbcLeakPrevention'
Event: 2846.669 Thread 0x0000024d5d255800 Unloading class 0x0000000801381c00 'java/lang/invoke/LambdaForm$MH+0x0000000801381c00'
Event: 2846.669 Thread 0x0000024d5d255800 Unloading class 0x0000000801381800 'java/lang/invoke/LambdaForm$MH+0x0000000801381800'

Classes redefined (20 events):
Event: 626.318 Thread 0x0000024d5d255800 redefined class name=com.springbootinterview.springbootinterview.DAO.impl.CustomersPlanDAOImpl, count=1
Event: 809.735 Thread 0x0000024d5d255800 redefined class name=com.springbootinterview.springbootinterview.controllers.CustomersPlanController, count=1
Event: 809.735 Thread 0x0000024d5d255800 redefined class name=com.springbootinterview.springbootinterview.controllers.CustomersPlanController, count=1
Event: 809.735 Thread 0x0000024d5d255800 redefined class name=com.springbootinterview.springbootinterview.controllers.CustomersPlanController, count=1
Event: 809.735 Thread 0x0000024d5d255800 redefined class name=com.springbootinterview.springbootinterview.controllers.CustomersPlanController, count=1
Event: 809.735 Thread 0x0000024d5d255800 redefined class name=com.springbootinterview.springbootinterview.controllers.CustomersPlanController, count=1
Event: 809.735 Thread 0x0000024d5d255800 redefined class name=com.springbootinterview.springbootinterview.controllers.CustomersPlanController, count=1
Event: 2261.845 Thread 0x0000024d5d255800 redefined class name=com.springbootinterview.springbootinterview.controllers.CustomersPlanController, count=1
Event: 2261.845 Thread 0x0000024d5d255800 redefined class name=com.springbootinterview.springbootinterview.controllers.CustomersPlanController, count=1
Event: 2261.845 Thread 0x0000024d5d255800 redefined class name=com.springbootinterview.springbootinterview.controllers.CustomersPlanController, count=2
Event: 2261.845 Thread 0x0000024d5d255800 redefined class name=com.springbootinterview.springbootinterview.controllers.CustomersPlanController, count=1
Event: 2261.845 Thread 0x0000024d5d255800 redefined class name=com.springbootinterview.springbootinterview.controllers.CustomersPlanController, count=1
Event: 2261.845 Thread 0x0000024d5d255800 redefined class name=com.springbootinterview.springbootinterview.controllers.CustomersPlanController, count=2
Event: 2261.845 Thread 0x0000024d5d255800 redefined class name=com.springbootinterview.springbootinterview.controllers.CustomersPlanController, count=2
Event: 2261.845 Thread 0x0000024d5d255800 redefined class name=com.springbootinterview.springbootinterview.controllers.CustomersPlanController, count=1
Event: 2261.845 Thread 0x0000024d5d255800 redefined class name=com.springbootinterview.springbootinterview.controllers.CustomersPlanController, count=1
Event: 2261.845 Thread 0x0000024d5d255800 redefined class name=com.springbootinterview.springbootinterview.controllers.CustomersPlanController, count=2
Event: 2261.845 Thread 0x0000024d5d255800 redefined class name=com.springbootinterview.springbootinterview.controllers.CustomersPlanController, count=1
Event: 2261.845 Thread 0x0000024d5d255800 redefined class name=com.springbootinterview.springbootinterview.controllers.CustomersPlanController, count=2
Event: 2261.845 Thread 0x0000024d5d255800 redefined class name=com.springbootinterview.springbootinterview.controllers.CustomersPlanController, count=2

Internal exceptions (20 events):
Event: 2874.432 Thread 0x0000024d614dcc20 Exception <a 'java/lang/InterruptedException'{0x000000008bbd4178}: sleep interrupted> (0x000000008bbd4178) 
thrown [s\open\src\hotspot\share\prims\jvm.cpp, line 3103]
Event: 2874.720 Thread 0x0000024d6a6aa700 Exception <a 'sun/nio/fs/WindowsException'{0x000000008e380fc8}> (0x000000008e380fc8) 
thrown [s\open\src\hotspot\share\prims\jni.cpp, line 517]
Event: 2874.732 Thread 0x0000024d6a6aa700 Exception <a 'sun/nio/fs/WindowsException'{0x000000008e193320}> (0x000000008e193320) 
thrown [s\open\src\hotspot\share\prims\jni.cpp, line 517]
Event: 2874.760 Thread 0x0000024d6a6a3770 Exception <a 'java/lang/NoClassDefFoundError'{0x000000008dfd43d0}: org/glassfish/jersey/server/monitoring/ApplicationEventListener> (0x000000008dfd43d0) 
thrown [s\open\src\hotspot\share\classfile\systemDictionary.cpp, line 244]
Event: 2874.918 Thread 0x0000024d6a6aa700 Exception <a 'sun/nio/fs/WindowsException'{0x000000008c310358}> (0x000000008c310358) 
thrown [s\open\src\hotspot\share\prims\jni.cpp, line 517]
Event: 2874.925 Thread 0x0000024d6a6aa700 Exception <a 'sun/nio/fs/WindowsException'{0x000000008c39bd08}> (0x000000008c39bd08) 
thrown [s\open\src\hotspot\share\prims\jni.cpp, line 517]
Event: 2874.951 Thread 0x0000024d6a6aa700 Exception <a 'java/lang/NoClassDefFoundError'{0x000000008c08acc8}: org/flywaydb/core/Flyway> (0x000000008c08acc8) 
thrown [s\open\src\hotspot\share\oops\constantPool.cpp, line 837]
Event: 2874.952 Thread 0x0000024d6a6aa700 Exception <a 'java/lang/NoClassDefFoundError'{0x000000008c08b328}: liquibase/integration/spring/SpringLiquibase> (0x000000008c08b328) 
thrown [s\open\src\hotspot\share\oops\constantPool.cpp, line 837]
Event: 2874.956 Thread 0x0000024d6a6aa700 Exception <a 'java/lang/NoClassDefFoundError'{0x000000008bf0ab98}: org/jooq/DSLContext> (0x000000008bf0ab98) 
thrown [s\open\src\hotspot\share\oops\constantPool.cpp, line 837]
Event: 2874.957 Thread 0x0000024d6a6aa700 Exception <a 'java/lang/NoClassDefFoundError'{0x000000008bf0c060}: org/springframework/batch/core/repository/JobRepository> (0x000000008bf0c060) 
thrown [s\open\src\hotspot\share\oops\constantPool.cpp, line 837]
Event: 2874.959 Thread 0x0000024d6a6aa700 Exception <a 'java/lang/NoClassDefFoundError'{0x000000008bf0c6b8}: org/quartz/Scheduler> (0x000000008bf0c6b8) 
thrown [s\open\src\hotspot\share\oops\constantPool.cpp, line 837]
Event: 2874.959 Thread 0x0000024d6a6aa700 Exception <a 'java/lang/NoClassDefFoundError'{0x000000008bf0cd38}: org/springframework/session/jdbc/JdbcIndexedSessionRepository> (0x000000008bf0cd38) 
thrown [s\open\src\hotspot\share\oops\constantPool.cpp, line 837]
Event: 2874.987 Thread 0x0000024d6a6aa700 Exception <a 'sun/nio/fs/WindowsException'{0x000000008b812f50}> (0x000000008b812f50) 
thrown [s\open\src\hotspot\share\prims\jni.cpp, line 517]
Event: 2874.987 Thread 0x0000024d6a6aa700 Exception <a 'sun/nio/fs/WindowsException'{0x000000008b813530}> (0x000000008b813530) 
thrown [s\open\src\hotspot\share\prims\jni.cpp, line 517]
Event: 2874.987 Thread 0x0000024d6a6aa700 Exception <a 'sun/nio/fs/WindowsException'{0x000000008b813bd8}> (0x000000008b813bd8) 
thrown [s\open\src\hotspot\share\prims\jni.cpp, line 517]
Event: 2874.993 Thread 0x0000024d6a6aa700 Exception <a 'java/io/FileNotFoundException'{0x000000008b849320}> (0x000000008b849320) 
thrown [s\open\src\hotspot\share\prims\jni.cpp, line 517]
Event: 2875.025 Thread 0x0000024d6a6aa700 Exception <a 'java/io/FileNotFoundException'{0x000000008b1d5d48}> (0x000000008b1d5d48) 
thrown [s\open\src\hotspot\share\prims\jni.cpp, line 517]
Event: 2875.033 Thread 0x0000024d6a6aa700 Exception <a 'sun/nio/fs/WindowsException'{0x000000008b0e3a48}> (0x000000008b0e3a48) 
thrown [s\open\src\hotspot\share\prims\jni.cpp, line 517]
Event: 2875.173 Thread 0x0000024d6a6aa700 Exception <a 'sun/nio/fs/WindowsException'{0x000000008cd21400}> (0x000000008cd21400) 
thrown [s\open\src\hotspot\share\prims\jni.cpp, line 517]
Event: 2896.016 Thread 0x0000024d6a6a5ca0 Exception <a 'java/lang/InterruptedException'{0x000000008b622788}: sleep interrupted> (0x000000008b622788) 
thrown [s\open\src\hotspot\share\prims\jvm.cpp, line 3103]

VM Operations (20 events):
Event: 2894.492 Executing VM operation: get/set locals done
Event: 2894.492 Executing VM operation: get/set locals
Event: 2894.493 Executing VM operation: get/set locals done
Event: 2894.494 Executing VM operation: get/set locals
Event: 2894.494 Executing VM operation: get/set locals done
Event: 2894.494 Executing VM operation: get/set locals
Event: 2894.494 Executing VM operation: get/set locals done
Event: 2894.495 Executing VM operation: get/set locals
Event: 2894.495 Executing VM operation: get/set locals done
Event: 2894.495 Executing VM operation: get/set locals
Event: 2894.496 Executing VM operation: get/set locals done
Event: 2894.496 Executing VM operation: get/set locals
Event: 2894.496 Executing VM operation: get/set locals done
Event: 2894.497 Executing VM operation: get/set locals
Event: 2894.497 Executing VM operation: get/set locals done
Event: 2894.497 Executing VM operation: get/set locals
Event: 2894.498 Executing VM operation: get/set locals done
Event: 2894.498 Executing VM operation: get/set locals
Event: 2894.498 Executing VM operation: get/set locals done
Event: 2896.232 Executing VM operation: G1CollectFull

Events (20 events):
Event: 2896.001 Thread 0x0000024d63961f10 Thread added: 0x0000024d63961f10
Event: 2896.001 Thread 0x0000024d6a6a71e0 Thread exited: 0x0000024d6a6a71e0
Event: 2896.013 Thread 0x0000024d63964ee0 Thread exited: 0x0000024d63964ee0
Event: 2896.015 Thread 0x0000024d63964990 Thread exited: 0x0000024d63964990
Event: 2896.015 Thread 0x0000024d63961470 Thread exited: 0x0000024d63961470
Event: 2896.015 Thread 0x0000024d6a6a9c60 Thread exited: 0x0000024d6a6a9c60
Event: 2896.015 Thread 0x0000024d6395f490 Thread exited: 0x0000024d6395f490
Event: 2896.015 Thread 0x0000024d6395f9e0 Thread exited: 0x0000024d6395f9e0
Event: 2896.015 Thread 0x0000024d6395ff30 Thread exited: 0x0000024d6395ff30
Event: 2896.016 Thread 0x0000024d63962f00 Thread exited: 0x0000024d63962f00
Event: 2896.016 Thread 0x0000024d639629b0 Thread exited: 0x0000024d639629b0
Event: 2896.016 Thread 0x0000024d639609d0 Thread exited: 0x0000024d639609d0
Event: 2896.016 Thread 0x0000024d6a6a4760 Thread exited: 0x0000024d6a6a4760
Event: 2896.016 Thread 0x0000024d63963ef0 Thread exited: 0x0000024d63963ef0
Event: 2896.016 Thread 0x0000024d6a6a2cd0 Thread exited: 0x0000024d6a6a2cd0
Event: 2896.016 Thread 0x0000024d6a6a5ca0 Thread exited: 0x0000024d6a6a5ca0
Event: 2896.016 Thread 0x0000024d6a6a3770 Thread exited: 0x0000024d6a6a3770
Event: 2896.231 Thread 0x0000024d6395ff30 Thread added: 0x0000024d6395ff30
Event: 2896.231 Thread 0x0000024d6395ff30 Thread exited: 0x0000024d6395ff30
Event: 2896.231 Thread 0x0000024d6a6a91c0 Thread exited: 0x0000024d6a6a91c0


Dynamic libraries:
0x00007ff653220000 - 0x00007ff653230000 	D:\Program Files\Java\jdk-19\bin\javaw.exe
0x00007ffbb11d0000 - 0x00007ffbb13e7000 	C:\WINDOWS\SYSTEM32\ntdll.dll
0x00007ffbaf4c0000 - 0x00007ffbaf584000 	C:\WINDOWS\System32\KERNEL32.DLL
0x00007ffbaea30000 - 0x00007ffbaedd5000 	C:\WINDOWS\System32\KERNELBASE.dll
0x00007ffbae540000 - 0x00007ffbae651000 	C:\WINDOWS\System32\ucrtbase.dll
0x00007ffbaa890000 - 0x00007ffbaa8a8000 	D:\Program Files\Java\jdk-19\bin\jli.dll
0x00007ffbafb30000 - 0x00007ffbafbe1000 	C:\WINDOWS\System32\ADVAPI32.dll
0x00007ffbb03f0000 - 0x00007ffbb0497000 	C:\WINDOWS\System32\msvcrt.dll
0x00007ffbb04a0000 - 0x00007ffbb0546000 	C:\WINDOWS\System32\sechost.dll
0x00007ffbaf020000 - 0x00007ffbaf137000 	C:\WINDOWS\System32\RPCRT4.dll
0x00007ffbaf210000 - 0x00007ffbaf3be000 	C:\WINDOWS\System32\USER32.dll
0x00007ffbae870000 - 0x00007ffbae896000 	C:\WINDOWS\System32\win32u.dll
0x00007ffb8ffc0000 - 0x00007ffb90253000 	C:\WINDOWS\WinSxS\amd64_microsoft.windows.common-controls_6595b64144ccf1df_6.0.22621.2506_none_270c5ae97388e100\COMCTL32.dll
0x00007ffbaeff0000 - 0x00007ffbaf019000 	C:\WINDOWS\System32\GDI32.dll
0x00007ffbae910000 - 0x00007ffbaea29000 	C:\WINDOWS\System32\gdi32full.dll
0x00007ffbae7d0000 - 0x00007ffbae86a000 	C:\WINDOWS\System32\msvcp_win.dll
0x00007ffba3430000 - 0x00007ffba343a000 	C:\WINDOWS\SYSTEM32\VERSION.dll
0x00007ffbaa530000 - 0x00007ffbaa54b000 	D:\Program Files\Java\jdk-19\bin\VCRUNTIME140.dll
0x00007ffbaf1d0000 - 0x00007ffbaf201000 	C:\WINDOWS\System32\IMM32.DLL
0x00007ffba9050000 - 0x00007ffba905c000 	D:\Program Files\Java\jdk-19\bin\vcruntime140_1.dll
0x00007ffb94c30000 - 0x00007ffb94cbe000 	D:\Program Files\Java\jdk-19\bin\msvcp140.dll
0x00007ffb37fd0000 - 0x00007ffb38c90000 	D:\Program Files\Java\jdk-19\bin\server\jvm.dll
0x00007ffba58c0000 - 0x00007ffba58f4000 	C:\WINDOWS\SYSTEM32\WINMM.dll
0x00007ffba5a00000 - 0x00007ffba5a09000 	C:\WINDOWS\SYSTEM32\WSOCK32.dll
0x00007ffbaf440000 - 0x00007ffbaf4b1000 	C:\WINDOWS\System32\WS2_32.dll
0x00007ffbad4a0000 - 0x00007ffbad4b8000 	C:\WINDOWS\SYSTEM32\kernel.appcore.dll
0x00007ffba9040000 - 0x00007ffba904a000 	D:\Program Files\Java\jdk-19\bin\jimage.dll
0x00007ffbabcf0000 - 0x00007ffbabf23000 	C:\WINDOWS\SYSTEM32\DBGHELP.DLL
0x00007ffbaf6a0000 - 0x00007ffbafa29000 	C:\WINDOWS\System32\combase.dll
0x00007ffbb1030000 - 0x00007ffbb1107000 	C:\WINDOWS\System32\OLEAUT32.dll
0x00007ffb8aae0000 - 0x00007ffb8ab12000 	C:\WINDOWS\SYSTEM32\dbgcore.DLL
0x00007ffbaeea0000 - 0x00007ffbaef1a000 	C:\WINDOWS\System32\bcryptPrimitives.dll
0x00007ffba6e40000 - 0x00007ffba6e7c000 	D:\Program Files\Java\jdk-19\bin\jdwp.dll
0x00007ffba8fe0000 - 0x00007ffba8fee000 	D:\Program Files\Java\jdk-19\bin\instrument.dll
0x00007ffba5910000 - 0x00007ffba5936000 	D:\Program Files\Java\jdk-19\bin\java.dll
0x00007ffb93760000 - 0x00007ffb93837000 	D:\Program Files\Java\jdk-19\bin\jsvml.dll
0x00007ffbb0550000 - 0x00007ffbb0da9000 	C:\WINDOWS\System32\SHELL32.dll
0x00007ffbac410000 - 0x00007ffbacd04000 	C:\WINDOWS\SYSTEM32\windows.storage.dll
0x00007ffbac2d0000 - 0x00007ffbac40e000 	C:\WINDOWS\SYSTEM32\wintypes.dll
0x00007ffbaf5a0000 - 0x00007ffbaf693000 	C:\WINDOWS\System32\SHCORE.dll
0x00007ffbb1110000 - 0x00007ffbb116e000 	C:\WINDOWS\System32\shlwapi.dll
0x00007ffbae470000 - 0x00007ffbae496000 	C:\WINDOWS\SYSTEM32\profapi.dll
0x00007ffba8fd0000 - 0x00007ffba8fdc000 	D:\Program Files\Java\jdk-19\bin\dt_socket.dll
0x00007ffbacf60000 - 0x00007ffbacf8d000 	C:\WINDOWS\SYSTEM32\IPHLPAPI.DLL
0x00007ffbad970000 - 0x00007ffbad9d9000 	C:\WINDOWS\system32\mswsock.dll
0x00007ffbacf90000 - 0x00007ffbad089000 	C:\WINDOWS\SYSTEM32\DNSAPI.dll
0x00007ffbaf590000 - 0x00007ffbaf599000 	C:\WINDOWS\System32\NSI.dll
0x00007ffb9f0f0000 - 0x00007ffb9f0fa000 	C:\Windows\System32\rasadhlp.dll
0x00007ffb9f2c0000 - 0x00007ffb9f343000 	C:\WINDOWS\System32\fwpuclnt.dll
0x00007ffb95a40000 - 0x00007ffb95a58000 	D:\Program Files\Java\jdk-19\bin\zip.dll
0x00007ffb959c0000 - 0x00007ffb959d3000 	D:\Program Files\Java\jdk-19\bin\net.dll
0x00007ffba7780000 - 0x00007ffba78b7000 	C:\WINDOWS\SYSTEM32\WINHTTP.dll
0x00007ffb94c10000 - 0x00007ffb94c26000 	D:\Program Files\Java\jdk-19\bin\nio.dll
0x00007ffba8fc0000 - 0x00007ffba8fd0000 	D:\Program Files\Java\jdk-19\bin\verify.dll
0x00007ffba6e30000 - 0x00007ffba6e3a000 	D:\Program Files\Java\jdk-19\bin\management.dll
0x00007ffba5a40000 - 0x00007ffba5a4b000 	D:\Program Files\Java\jdk-19\bin\management_ext.dll
0x00007ffbaf1c0000 - 0x00007ffbaf1c8000 	C:\WINDOWS\System32\PSAPI.DLL
0x00007ffbadc10000 - 0x00007ffbadc2b000 	C:\WINDOWS\SYSTEM32\CRYPTSP.dll
0x00007ffbad460000 - 0x00007ffbad495000 	C:\WINDOWS\system32\rsaenh.dll
0x00007ffbada10000 - 0x00007ffbada3c000 	C:\WINDOWS\SYSTEM32\USERENV.dll
0x00007ffbadde0000 - 0x00007ffbade08000 	C:\WINDOWS\SYSTEM32\bcrypt.dll
0x00007ffbadb70000 - 0x00007ffbadb7c000 	C:\WINDOWS\SYSTEM32\CRYPTBASE.dll
0x00007ffba5b10000 - 0x00007ffba5b29000 	C:\WINDOWS\SYSTEM32\dhcpcsvc6.DLL
0x00007ffba5af0000 - 0x00007ffba5b0f000 	C:\WINDOWS\SYSTEM32\dhcpcsvc.DLL
0x00007ffba5a10000 - 0x00007ffba5a1e000 	D:\Program Files\Java\jdk-19\bin\sunmscapi.dll
0x00007ffbae660000 - 0x00007ffbae7c6000 	C:\WINDOWS\System32\CRYPT32.dll
0x00007ffbaddb0000 - 0x00007ffbadddd000 	C:\WINDOWS\SYSTEM32\ncrypt.dll
0x00007ffbadd70000 - 0x00007ffbadda7000 	C:\WINDOWS\SYSTEM32\NTASN1.dll
0x00007ffb9f1c0000 - 0x00007ffb9f1c8000 	D:\Program Files\Java\jdk-19\bin\extnet.dll
0x00007ffb96820000 - 0x00007ffb96828000 	C:\WINDOWS\system32\wshunix.dll

dbghelp: loaded successfully - version: 4.0.5 - missing functions: none
symbol engine: initialized successfully - sym options: 0x614 - pdb path: .;D:\Program Files\Java\jdk-19\bin;C:\WINDOWS\SYSTEM32;C:\WINDOWS\WinSxS\amd64_microsoft.windows.common-controls_6595b64144ccf1df_6.0.22621.2506_none_270c5ae97388e100;D:\Program Files\Java\jdk-19\bin\server

VM Arguments:
jvm_args: -XX:+ShowCodeDetailsInExceptionMessages -agentlib:jdwp=transport=dt_socket,suspend=y,address=localhost:60724 -javaagent:D:\Users\eclipse\jee-2023-06\eclipse\configuration\org.eclipse.osgi\430\0\.cp\lib\javaagent-shaded.jar -Dfile.encoding=UTF-8 
java_command: com.springbootinterview.springbootinterview.SpringbootinterviewApplication --server.port=9088
java_class_path (initial): D:\Revanth\springbootinterview\target\classes;C:\Users\hp\.m2\repository\org\springframework\boot\spring-boot-starter-actuator\3.1.4\spring-boot-starter-actuator-3.1.4.jar;C:\Users\hp\.m2\repository\org\springframework\boot\spring-boot-starter\3.1.4\spring-boot-starter-3.1.4.jar;C:\Users\hp\.m2\repository\org\springframework\boot\spring-boot-starter-logging\3.1.4\spring-boot-starter-logging-3.1.4.jar;C:\Users\hp\.m2\repository\ch\qos\logback\logback-classic\1.4.11\logback-classic-1.4.11.jar;C:\Users\hp\.m2\repository\ch\qos\logback\logback-core\1.4.11\logback-core-1.4.11.jar;C:\Users\hp\.m2\repository\org\apache\logging\log4j\log4j-to-slf4j\2.20.0\log4j-to-slf4j-2.20.0.jar;C:\Users\hp\.m2\repository\org\apache\logging\log4j\log4j-api\2.20.0\log4j-api-2.20.0.jar;C:\Users\hp\.m2\repository\org\slf4j\jul-to-slf4j\2.0.9\jul-to-slf4j-2.0.9.jar;C:\Users\hp\.m2\repository\jakarta\annotation\jakarta.annotation-api\2.1.1\jakarta.annotation-api-2.1.1.jar;C:\Users\hp\.m2\repository\org\yaml\snakeyaml\1.33\snakeyaml-1.33.jar;C:\Users\hp\.m2\repository\org\springframework\boot\spring-boot-actuator-autoconfigure\3.1.4\spring-boot-actuator-autoconfigure-3.1.4.jar;C:\Users\hp\.m2\repository\org\springframework\boot\spring-boot-actuator\3.1.4\spring-boot-actuator-3.1.4.jar;C:\Users\hp\.m2\repository\com\fasterxml\jackson\core\jackson-databind\2.15.2\jackson-databind-2.15.2.jar;C:\Users\hp\.m2\repository\com\fasterxml\jackson\core\jackson-annotations\2.15.2\jackson-annotations-2.15.2.jar;C:\Users\hp\.m2\repository\com\fasterxml\jackson\core\jackson-core\2.15.2\jackson-core-2.15.2.jar;C:\Users\hp\.m2\repository\com\fasterxml\jackson\datatype\jackson-datatype-jsr310\2.15.2\jackson-datatype-jsr310-2.15.2.jar;C:\Users\hp\.m2\repository\io\micrometer\micrometer-observation\1.11.4\micrometer-observation-1.11.4.jar;C:\Users\hp\.m2\repository\io\micrometer\micrometer-commons\1.11.4\micrometer-commons-1.11.4.jar;C:\Users\hp\.m2\repository\io\micrometer\micrometer-core\1.11.4\micrometer-core-1.11.4.jar;C:\Users\hp\.m2\repository\org\hdrhistogram\HdrHistogram\2.1.12\HdrHistogram-2.1.12.jar;C:\Users\hp\.m2\repository\org\latencyutils\LatencyUtils\2.0.3\LatencyUtils-2.0.3.jar;C:\Users\hp\.m2\repository\org\springframework\boot\spring-boot-starter-web\3.1.4\spring-boot-starter-web-3.1.4.jar;C:\Users\hp\.m2\repository\org\springframework\boot\spring-boot-starter-json\3.1.4\spring-boot-starter-json-3.1.4.jar;C:\Users\hp\.m2\repository\com\fasterxml\jackson\datatype\jackson-datatype-jdk8\2.15.2\jackson-datatype-jdk8-2.15.2.jar;C:\Users\hp\.m2\repository\com\fasterxml\jackson\module\jackson-module-parameter-names\2.15.2\jackson-module-parameter-names-2.15.2.jar;C:\Users\hp\.m2\repository\org\springframework\boot\spring-boot-starter-tomcat\3.1.4\spring-boot-starter-tomcat-3.1.4.jar;C:\Users\hp\.m2\repository\org\apache\tomcat\embed\tomcat-embed-core\10.1.13\tomcat-embed-core-10.1.13.jar;C:\Users\hp\.m2\repository\org\apache\tomcat\embed\tomcat-embed-el\10.1.13\tomcat-embed-el-10.1.13.jar;C:\Users\hp\.m2\repository\org\apache\tomcat\embed\tomcat-embed-websocket\10.1.13\tomcat-embed-websocket-10.1.13.jar;C:\Users\hp\.m2\repository\org\springframework\spring-web\6.0.12\spring-web-6.0.12.jar;C:\Users\hp\.m2\repository\org\springframework\spring-beans\6.0.12\spring-beans-6.0.12.jar;C:\Users\hp\.m2\repository\org\springframework\spring-webmvc\6.0.12\spring-webmvc-6.0.12.jar;C:\Users\hp\.m2\repository\org\springframework\spring-aop\6.0.12\spring-aop-6.0.12.jar;C:\Users\hp\.m2\repository\org\springframework\spring-context\6.0.12\spring-context-6.0.12.jar;C:\Users\hp\.m2\repository\org\springframework\spring-expression\6.0.12\spring-expression-6.0.12.jar;C:\Users\hp\.m2\repository\org\springframework\boot\spring-boot-devtools\3.1.4\spring-boot-devtools-3.1.4.jar;C:\Users\hp\.m2\repository\org\springframework\boot\spring-boot\3.1.4\spring-boot-3.1.4.jar;C:\Users\hp\.m2\repository\org\springframework\boot\spring-boot-autoconfigure\3.1.4\spring-boot-autoconfigure-3.1.4.jar;C:\Users\hp\.m2\repository\org\slf4j\slf4j-api\2.0.9\slf4j-api-2.0.9.jar;C:\Users\hp\.m2\repository\jakarta\xml\bind\jakarta.xml.bind-api\4.0.1\jakarta.xml.bind-api-4.0.1.jar;C:\Users\hp\.m2\repository\jakarta\activation\jakarta.activation-api\2.1.2\jakarta.activation-api-2.1.2.jar;C:\Users\hp\.m2\repository\net\bytebuddy\byte-buddy\1.14.8\byte-buddy-1.14.8.jar;C:\Users\hp\.m2\repository\org\springframework\spring-core\6.0.12\spring-core-6.0.12.jar;C:\Users\hp\.m2\repository\org\springframework\spring-jcl\6.0.12\spring-jcl-6.0.12.jar;C:\Users\hp\.m2\repository\org\springframework\boot\spring-boot-starter-data-jpa\3.1.4\spring-boot-starter-data-jpa-3.1.4.jar;C:\Users\hp\.m2\repository\org\springframework\boot\spring-boot-starter-aop\3.1.4\spring-boot-starter-aop-3.1.4.jar;C:\Users\hp\.m2\repository\org\aspectj\aspectjweaver\1.9.20\aspectjweaver-1.9.20.jar;C:\Users\hp\.m2\repository\org\springframework\boot\spring-boot-starter-jdbc\3.1.4\spring-boot-starter-jdbc-3.1.4.jar;C:\Users\hp\.m2\repository\com\zaxxer\HikariCP\5.0.1\HikariCP-5.0.1.jar;C:\Users\hp\.m2\repository\org\springframework\spring-jdbc\6.0.12\spring-jdbc-6.0.12.jar;C:\Users\hp\.m2\repository\org\hibernate\orm\hibernate-core\6.2.9.Final\hibernate-core-6.2.9.Final.jar;C:\Users\hp\.m2\repository\jakarta\persistence\jakarta.persistence-api\3.1.0\jakarta.persistence-api-3.1.0.jar;C:\Users\hp\.m2\repository\jakarta\transaction\jakarta.transaction-api\2.0.1\jakarta.transaction-api-2.0.1.jar;C:\Users\hp\.m2\repository\org\jboss\logging\jboss-logging\3.5.3.Final\jboss-logging-3.5.3.Final.jar;C:\Users\hp\.m2\repository\org\hibernate\common\hibernate-commons-annotations\6.0.6.Final\hibernate-commons-annotations-6.0.6.Final.jar;C:\Users\hp\.m2\repository\io\smallrye\jandex\3.0.5\jandex-3.0.5.jar;C:\Users\hp\.m2\repository\com\fasterxml\classmate\1.5.1\classmate-1.5.1.jar;C:\Users\hp\.m2\repository\org\glassfish\jaxb\jaxb-runtime\4.0.3\jaxb-runtime-4.0.3.jar;C:\Users\hp\.m2\repository\org\glassfish\jaxb\jaxb-core\4.0.3\jaxb-core-4.0.3.jar;C:\Users\hp\.m2\repository\org\eclipse\angus\angus-activation\2.0.1\angus-activation-2.0.1.jar;C:\Users\hp\.m2\repository\org\glassfish\jaxb\txw2\4.0.3\txw2-4.0.3.jar;C:\Users\hp\.m2\repository\com\sun\istack\istack-commons-runtime\4.1.2\istack-commons-runtime-4.1.2.jar;C:\Users\hp\.m2\repository\jakarta\inject\jakarta.inject-api\2.0.1\jakarta.inject-api-2.0.1.jar;C:\Users\hp\.m2\repository\org\antlr\antlr4-runtime\4.10.1\antlr4-runtime-4.10.1.jar;C:\Users\hp\.m2\repository\org\springframework\data\spring-data-jpa\3.1.4\spring-data-jpa-3.1.4.jar;C:\Users\hp\.m2\repository\org\springframework\data\spring-data-commons\3.1.4\spring-data-commons-3.1.4.jar;C:\Users\hp\.m2\repository\org\springframework\spring-orm\6.0.12\spring-orm-6.0.12.jar;C:\Users\hp\.m2\repository\org\springframework\spring-tx\6.0.12\spring-tx-6.0.12.jar;C:\Users\hp\.m2\repository\org\springframework\spring-aspects\6.0.12\spring-aspects-6.0.12.jar;C:\Users\hp\.m2\repository\com\h2database\h2\2.1.214\h2-2.1.214.jar;C:\Users\hp\.m2\repository\org\springdoc\springdoc-openapi-starter-webmvc-ui\2.2.0\springdoc-openapi-starter-webmvc-ui-2.2.0.jar;C:\Users\hp\.m2\repository\org\springdoc\springdoc-openapi-starter-webmvc-api\2.2.0\springdoc-openapi-starter-webmvc-api-2.2.0.jar;C:\Users\hp\.m2\repository\org\springdoc\springdoc-openapi-starter-common\2.2.0\springdoc-openapi-starter-common-2.2.0.jar;C:\Users\hp\.m2\repository\io\swagger\core\v3\swagger-core-jakarta\2.2.15\swagger-core-jakarta-2.2.15.jar;C:\Users\hp\.m2\repository\org\apache\commons\commons-lang3\3.12.0\commons-lang3-3.12.0.jar;C:\Users\hp\.m2\repository\io\swagger\core\v3\swagger-annotations-jakarta\2.2.15\swagger-annotations-jakarta-2.2.15.jar;C:\Users\hp\.m2\repository\io\swagger\core\v3\swagger-models-jakarta\2.2.15\swagger-models-jakarta-2.2.15.jar;C:\Users\hp\.m2\repository\jakarta\validation\jakarta.validation-api\3.0.2\jakarta.validation-api-3.0.2.jar;C:\Users\hp\.m2\repository\com\fasterxml\jackson\dataformat\jackson-dataformat-yaml\2.15.2\jackson-dataformat-yaml-2.15.2.jar;C:\Users\hp\.m2\repository\org\webjars\swagger-ui\5.2.0\swagger-ui-5.2.0.jar
Launcher Type: SUN_STANDARD

[Global flags]
     intx CICompilerCount                          = 4                                         {product} {ergonomic}
     uint ConcGCThreads                            = 2                                         {product} {ergonomic}
     uint G1ConcRefinementThreads                  = 8                                         {product} {ergonomic}
   size_t G1HeapRegionSize                         = 1048576                                   {product} {ergonomic}
    uintx GCDrainStackTargetSize                   = 64                                        {product} {ergonomic}
   size_t InitialHeapSize                          = 130023424                                 {product} {ergonomic}
   size_t MarkStackSize                            = 4194304                                   {product} {ergonomic}
   size_t MaxHeapSize                              = 2080374784                                {product} {ergonomic}
   size_t MaxNewSize                               = 1247805440                                {product} {ergonomic}
   size_t MinHeapDeltaBytes                        = 1048576                                   {product} {ergonomic}
   size_t MinHeapSize                              = 8388608                                   {product} {ergonomic}
    uintx NonNMethodCodeHeapSize                   = 5839372                                {pd product} {ergonomic}
    uintx NonProfiledCodeHeapSize                  = 122909434                              {pd product} {ergonomic}
    uintx ProfiledCodeHeapSize                     = 122909434                              {pd product} {ergonomic}
    uintx ReservedCodeCacheSize                    = 251658240                              {pd product} {ergonomic}
     bool SegmentedCodeCache                       = true                                      {product} {ergonomic}
     bool ShowCodeDetailsInExceptionMessages       = true                                   {manageable} {command line}
   size_t SoftMaxHeapSize                          = 2080374784                             {manageable} {ergonomic}
     bool UseCompressedClassPointers               = true                           {product lp64_product} {ergonomic}
     bool UseCompressedOops                        = true                           {product lp64_product} {ergonomic}
     bool UseG1GC                                  = true                                      {product} {ergonomic}
     bool UseLargePagesIndividualAllocation        = false                                  {pd product} {ergonomic}

Logging:
Log output configuration:
 #0: stdout all=warning uptime,level,tags foldmultilines=false
 #1: stderr all=off uptime,level,tags foldmultilines=false

Environment Variables:
JAVA_HOME=D:\Program Files\Java\jdk-17
PATH=D:/Program Files/Java/jdk-17/bin/server;D:/Program Files/Java/jdk-17/bin;D:\Program Files\Java\jdk-17\bin;D:\Program Files\Java\jdk-19\bin;C:\Program Files\Common Files\Oracle\Java\javapath;C:\WINDOWS\system32;C:\WINDOWS;C:\WINDOWS\System32\Wbem;C:\WINDOWS\System32\WindowsPowerShell\v1.0\;C:\WINDOWS\System32\OpenSSH\;D:\Program Files\Git\cmd;D:\Program Files\nodejs\;C:\Program Files\dotnet\;C:\Program Files (x86)\Microsoft SQL Server\160\Tools\Binn\;C:\Program Files\Microsoft SQL Server\160\Tools\Binn\;C:\Program Files\Microsoft SQL Server\Client SDK\ODBC\170\Tools\Binn\;C:\Program Files\Microsoft SQL Server\160\DTS\Binn\;C:\Program Files (x86)\Microsoft SQL Server\160\DTS\Binn\;C:\Program Files\Azure Data Studio\bin;C:\Program Files\Microsoft SQL Server\150\Tools\Binn\;C:\Program Files\Docker\Docker\resources\bin;D:\Program Files\Maven\apache-maven-3.9.5\bin;C:\Program Files\MySQL\MySQL Shell 8.0\bin\;C:\Users\hp\AppData\Local\Microsoft\WindowsApps;D:\Program Files\Microsoft VS Code\bin;C:\Users\hp\AppData\Roaming\npm;C:\Program Files (x86)\Brackets\;C:\Users\hp\.dotnet\tools;C:\Program Files\Azure Data Studio\bin;D:\Program Files\JetBrains\IntelliJ IDEA Community Edition 2023.2.5\bin;;C:\Users\hp\Desktop;
USERNAME=hp
OS=Windows_NT
PROCESSOR_IDENTIFIER=Intel64 Family 6 Model 140 Stepping 1, GenuineIntel
TMP=C:\Users\hp\AppData\Local\Temp
TEMP=C:\Users\hp\AppData\Local\Temp



---------------  S Y S T E M  ---------------

OS:
 Windows 11 , 64 bit Build 22621 (10.0.22621.2506)
OS uptime: 1 days 7:24 hours
Hyper-V role detected

CPU: total 8 (initial active 8) (4 cores per cpu, 2 threads per core) family 6 model 140 stepping 1 microcode 0xac, cx8, cmov, fxsr, ht, mmx, 3dnowpref, sse, sse2, sse3, ssse3, sse4.1, sse4.2, popcnt, lzcnt, tsc, tscinvbit, avx, avx2, aes, erms, clmul, bmi1, bmi2, adx, avx512f, avx512dq, avx512cd, avx512bw, avx512vl, sha, fma, vzeroupper, avx512_vpopcntdq, avx512_vpclmulqdq, avx512_vaes, avx512_vnni, clflush, clflushopt, clwb, avx512_vbmi2, avx512_vbmi, hv, rdtscp, rdpid, fsrm, gfni, avx512_bitalg

Memory: 4k page, system-wide physical 7932M (1247M free)
TotalPageFile size 15100M (AvailPageFile size 2557M)
current process WorkingSet (physical memory assigned to process): 429M, peak: 450M
current process commit charge ("private bytes"): 493M, peak: 493M

vm_info: Java HotSpot(TM) 64-Bit Server VM (19+36-2238) for windows-amd64 JRE (19+36-2238), built on 2022-08-12T20:29:01Z by "mach5one" with MS VC++ 17.1 (VS2022)

END.
